2023.10.17 12:41:29 INFO  Started: Metals version 1.0.1 in folders '/Users/studium/Documents/development/projects/play-test' for client Visual Studio Code 1.83.1.
Oct 17, 2023 12:41:29 PM org.flywaydb.core.internal.license.VersionPrinter printVersionOnly
INFO: Flyway Community Edition 9.21.2 by Redgate
Oct 17, 2023 12:41:29 PM org.flywaydb.core.internal.license.VersionPrinter printVersion
INFO: See release notes here: https://rd.gt/416ObMi
Oct 17, 2023 12:41:29 PM org.flywaydb.core.internal.license.VersionPrinter printVersion
INFO: 
Oct 17, 2023 12:41:29 PM org.flywaydb.core.FlywayExecutor execute
INFO: Database: jdbc:h2:file:/Users/studium/Documents/development/projects/play-test/.metals/metals (H2 2.1)
Oct 17, 2023 12:41:29 PM org.flywaydb.core.internal.schemahistory.JdbcTableSchemaHistory allAppliedMigrations
INFO: Schema history table "PUBLIC"."flyway_schema_history" does not exist yet
Oct 17, 2023 12:41:29 PM org.flywaydb.core.internal.command.DbValidate validate
INFO: Successfully validated 4 migrations (execution time 00:00.007s)
Oct 17, 2023 12:41:29 PM org.flywaydb.core.internal.schemahistory.JdbcTableSchemaHistory create
INFO: Creating Schema History table "PUBLIC"."flyway_schema_history" ...
Oct 17, 2023 12:41:29 PM org.flywaydb.core.internal.command.DbMigrate migrateGroup
INFO: Current version of schema "PUBLIC": << Empty Schema >>
Oct 17, 2023 12:41:29 PM org.flywaydb.core.internal.command.DbMigrate doMigrateGroup
INFO: Migrating schema "PUBLIC" to version "1 - Create tables"
Oct 17, 2023 12:41:29 PM org.flywaydb.core.internal.command.DbMigrate doMigrateGroup
INFO: Migrating schema "PUBLIC" to version "2 - Server discovery"
Oct 17, 2023 12:41:29 PM org.flywaydb.core.internal.command.DbMigrate doMigrateGroup
INFO: Migrating schema "PUBLIC" to version "3 - Jar symbols"
Oct 17, 2023 12:41:29 PM org.flywaydb.core.internal.command.DbMigrate doMigrateGroup
INFO: Migrating schema "PUBLIC" to version "4 - Fingerprints"
Oct 17, 2023 12:41:29 PM org.flywaydb.core.internal.command.DbMigrate logSummary
INFO: Successfully applied 4 migrations to schema "PUBLIC", now at version v4 (execution time 00:00.013s)
2023.10.17 12:41:29 INFO  time: initialize in 0.33s
2023.10.17 12:41:30 WARN  Build server is not auto-connectable.
2023.10.17 12:41:35 WARN  no build target for: /Users/studium/Documents/development/projects/play-test/build.sbt
2023.10.17 12:41:36 INFO  no build target found for /Users/studium/Documents/development/projects/play-test/build.sbt. Using presentation compiler with project's scala-library version: 3.3.0
2023.10.17 12:41:43 INFO  running '/opt/homebrew/opt/openjdk@17/libexec/openjdk.jdk/Contents/Home/bin/java -Djline.terminal=jline.UnsupportedTerminal -Dsbt.log.noformat=true -Dfile.encoding=UTF-8 -jar /var/folders/7s/d_d_h9sn1xv8l6phcxgpbpcm0000gp/T/metals7972721322071395275/sbt-launch.jar -Dbloop.export-jar-classifiers=sources bloopInstall'
2023.10.17 12:41:44 WARN  no build target for: /Users/studium/Documents/development/projects/play-test/project/project/metals.sbt
2023.10.17 12:41:44 WARN  no build target for: /Users/studium/Documents/development/projects/play-test/project/metals.sbt
2023.10.17 12:41:43 INFO  skipping build import with status 'Started'
2023.10.17 12:41:44 INFO  [info] welcome to sbt 1.9.6 (Homebrew Java 17.0.8.1)
2023.10.17 12:41:45 INFO  [info] loading settings for project play-test-build-build-build from metals.sbt ...
2023.10.17 12:41:45 INFO  [info] loading project definition from /Users/studium/Documents/development/projects/play-test/project/project/project
2023.10.17 12:41:46 INFO  [info] loading settings for project play-test-build-build from metals.sbt ...
2023.10.17 12:41:46 INFO  [info] loading project definition from /Users/studium/Documents/development/projects/play-test/project/project
2023.10.17 12:41:47 INFO  [success] Generated .bloop/play-test-build-build.json
2023.10.17 12:41:47 INFO  [success] Total time: 1 s, completed 17 Oct 2023, 12:41:47
2023.10.17 12:41:47 INFO  [info] loading settings for project play-test-build from metals.sbt,plugins.sbt ...
2023.10.17 12:41:47 INFO  [info] loading project definition from /Users/studium/Documents/development/projects/play-test/project
2023.10.17 12:41:49 INFO  [success] Generated .bloop/play-test-build.json
2023.10.17 12:41:49 INFO  [success] Total time: 1 s, completed 17 Oct 2023, 12:41:49
2023.10.17 12:41:50 INFO  [info] loading settings for project root from build.sbt ...
2023.10.17 12:41:50 INFO  [info]   __              __
2023.10.17 12:41:50 INFO  [info]   \ \     ____   / /____ _ __  __
2023.10.17 12:41:50 INFO  [info]    \ \   / __ \ / // __ `// / / /
2023.10.17 12:41:50 INFO  [info]    / /  / /_/ // // /_/ // /_/ /
2023.10.17 12:41:50 INFO  [info]   /_/  / .___//_/ \__,_/ \__, /
2023.10.17 12:41:50 INFO  [info]       /_/               /____/
2023.10.17 12:41:50 INFO  [info] 
2023.10.17 12:41:50 INFO  [info] Version 2.9.0-RC3 running Java 17.0.8.1
2023.10.17 12:41:50 INFO  [info] 
2023.10.17 12:41:50 INFO  [info] Play is run entirely by the community. Please consider contributing and/or donating:
2023.10.17 12:41:50 INFO  [info] https://www.playframework.com/sponsors
2023.10.17 12:41:50 INFO  [info] 
2023.10.17 12:41:51 INFO  [success] Generated .bloop/root.json
2023.10.17 12:41:51 INFO  [success] Generated .bloop/root-test.json
2023.10.17 12:41:51 INFO  [success] Total time: 1 s, completed 17 Oct 2023, 12:41:51
2023.10.17 12:41:51 INFO  time: ran 'sbt bloopInstall' in 8.27s
2023.10.17 12:41:51 INFO  Attempting to connect to the build server...
2023.10.17 12:41:51 INFO  Bloop uses /opt/homebrew/opt/openjdk@17/libexec/openjdk.jdk/Contents/Home defined at /Users/studium/.bloop/bloop.json
2023.10.17 12:41:51 INFO  tracing is disabled for protocol BSP, to enable tracing of incoming and outgoing JSON messages create an empty file at /Users/studium/Documents/development/projects/play-test/.metals/bsp.trace.json or /Users/studium/Library/Caches/org.scalameta.metals/bsp.trace.json
2023.10.17 12:41:51 INFO  Attempting to connect to the build server...
2023.10.17 12:41:51 INFO  Bloop uses /opt/homebrew/opt/openjdk@17/libexec/openjdk.jdk/Contents/Home defined at /Users/studium/.bloop/bloop.json
2023.10.17 12:41:51 INFO  Attempting to connect to the build server...
2023.10.17 12:41:51 INFO  Bloop uses /opt/homebrew/opt/openjdk@17/libexec/openjdk.jdk/Contents/Home defined at /Users/studium/.bloop/bloop.json
2023.10.17 12:41:51 INFO  tracing is disabled for protocol BSP, to enable tracing of incoming and outgoing JSON messages create an empty file at /Users/studium/Documents/development/projects/play-test/project/project/.metals/bsp.trace.json or /Users/studium/Library/Caches/org.scalameta.metals/bsp.trace.json
2023.10.17 12:41:52 INFO  tracing is disabled for protocol BSP, to enable tracing of incoming and outgoing JSON messages create an empty file at /Users/studium/Documents/development/projects/play-test/project/.metals/bsp.trace.json or /Users/studium/Library/Caches/org.scalameta.metals/bsp.trace.json
2023.10.17 12:41:52 INFO  time: Connected to build server in 0.2s
2023.10.17 12:41:52 INFO  Connected to Build server: Bloop v1.5.8
2023.10.17 12:41:54 INFO  compiling root (7 scala sources and 1 java source)
2023.10.17 12:41:54 ERROR error while loading package, Missing dependency 'Add -Ytasty-reader to scalac options to parse the TASTy in /Users/studium/Documents/development/projects/play-test/lib/HearthstoneMini.jar(scala/xml/package.class)', required by /Users/studium/Documents/development/projects/play-test/lib/HearthstoneMini.jar(scala/xml/package.class)
2023.10.17 12:41:54 ERROR error while loading NodeBuffer, Missing dependency 'Add -Ytasty-reader to scalac options to parse the TASTy in /Users/studium/Documents/development/projects/play-test/lib/HearthstoneMini.jar(scala/xml/NodeBuffer.class)', required by /Users/studium/Documents/development/projects/play-test/lib/HearthstoneMini.jar(scala/xml/NodeBuffer.class)
2023.10.17 12:41:55 ERROR error while loading NodeSeq, Missing dependency 'Add -Ytasty-reader to scalac options to parse the TASTy in /Users/studium/Documents/development/projects/play-test/lib/HearthstoneMini.jar(scala/xml/NodeSeq.class)', required by /Users/studium/Documents/development/projects/play-test/lib/HearthstoneMini.jar(scala/xml/NodeSeq.class)
2023.10.17 12:41:55 INFO  time: compiled root in 1.19s
2023.10.17 12:41:56 INFO  time: indexed workspace in 4.12s
2023.10.17 12:41:55 INFO  compiling root (7 scala sources and 1 java source)
2023.10.17 12:41:55 ERROR error while loading package, Missing dependency 'Add -Ytasty-reader to scalac options to parse the TASTy in /Users/studium/Documents/development/projects/play-test/lib/HearthstoneMini.jar(scala/xml/package.class)', required by /Users/studium/Documents/development/projects/play-test/lib/HearthstoneMini.jar(scala/xml/package.class)
2023.10.17 12:41:55 ERROR error while loading NodeBuffer, Missing dependency 'Add -Ytasty-reader to scalac options to parse the TASTy in /Users/studium/Documents/development/projects/play-test/lib/HearthstoneMini.jar(scala/xml/NodeBuffer.class)', required by /Users/studium/Documents/development/projects/play-test/lib/HearthstoneMini.jar(scala/xml/NodeBuffer.class)
2023.10.17 12:41:56 ERROR error while loading NodeSeq, Missing dependency 'Add -Ytasty-reader to scalac options to parse the TASTy in /Users/studium/Documents/development/projects/play-test/lib/HearthstoneMini.jar(scala/xml/NodeSeq.class)', required by /Users/studium/Documents/development/projects/play-test/lib/HearthstoneMini.jar(scala/xml/NodeSeq.class)
2023.10.17 12:41:56 INFO  time: compiled root in 0.81s
2023.10.17 12:42:05 INFO  compiling root (7 scala sources and 1 java source)
2023.10.17 12:42:05 ERROR error while loading HearthstoneMini, Missing dependency 'Add -Ytasty-reader to scalac options to parse the TASTy in /Users/studium/Documents/development/projects/play-test/lib/HearthstoneMini.jar(hearthstoneMini/HearthstoneMini.class)', required by /Users/studium/Documents/development/projects/play-test/lib/HearthstoneMini.jar(hearthstoneMini/HearthstoneMini.class)
2023.10.17 12:42:05 ERROR error while loading package, Missing dependency 'Add -Ytasty-reader to scalac options to parse the TASTy in /Users/studium/Documents/development/projects/play-test/lib/HearthstoneMini.jar(scala/xml/package.class)', required by /Users/studium/Documents/development/projects/play-test/lib/HearthstoneMini.jar(scala/xml/package.class)
2023.10.17 12:42:05 ERROR error while loading NodeBuffer, Missing dependency 'Add -Ytasty-reader to scalac options to parse the TASTy in /Users/studium/Documents/development/projects/play-test/lib/HearthstoneMini.jar(scala/xml/NodeBuffer.class)', required by /Users/studium/Documents/development/projects/play-test/lib/HearthstoneMini.jar(scala/xml/NodeBuffer.class)
2023.10.17 12:42:05 ERROR error while loading NodeSeq, Missing dependency 'Add -Ytasty-reader to scalac options to parse the TASTy in /Users/studium/Documents/development/projects/play-test/lib/HearthstoneMini.jar(scala/xml/NodeSeq.class)', required by /Users/studium/Documents/development/projects/play-test/lib/HearthstoneMini.jar(scala/xml/NodeSeq.class)
2023.10.17 12:42:05 INFO  time: compiled root in 0.25s
2023.10.17 13:00:17 INFO  Shutting down server
2023.10.17 13:00:17 INFO  shutting down Metals
2023.10.17 13:00:17 INFO  Shut down connection with build server.
2023.10.17 13:00:17 INFO  Shut down connection with build server.
2023.10.17 13:00:17 INFO  Shut down connection with build server.
2023.10.17 13:00:17 INFO  Exiting server
2023.10.17 13:00:20 INFO  Started: Metals version 1.0.1 in folders '/Users/studium/Documents/development/projects/play-test' for client Visual Studio Code 1.83.1.
Oct 17, 2023 1:00:21 PM org.flywaydb.core.internal.license.VersionPrinter printVersionOnly
INFO: Flyway Community Edition 9.21.2 by Redgate
Oct 17, 2023 1:00:21 PM org.flywaydb.core.internal.license.VersionPrinter printVersion
INFO: See release notes here: https://rd.gt/416ObMi
Oct 17, 2023 1:00:21 PM org.flywaydb.core.internal.license.VersionPrinter printVersion
INFO: 
Oct 17, 2023 1:00:21 PM org.flywaydb.core.FlywayExecutor execute
INFO: Database: jdbc:h2:file:/Users/studium/Documents/development/projects/play-test/.metals/metals (H2 2.1)
Oct 17, 2023 1:00:21 PM org.flywaydb.core.internal.command.DbValidate validate
INFO: Successfully validated 4 migrations (execution time 00:00.012s)
Oct 17, 2023 1:00:21 PM org.flywaydb.core.internal.command.DbMigrate migrateGroup
INFO: Current version of schema "PUBLIC": 4
Oct 17, 2023 1:00:21 PM org.flywaydb.core.internal.command.DbMigrate logSummary
INFO: Schema "PUBLIC" is up to date. No migration necessary.
2023.10.17 13:00:21 INFO  time: initialize in 0.31s
2023.10.17 13:00:22 INFO  Attempting to connect to the build server...
2023.10.17 13:00:22 INFO  Bloop uses /opt/homebrew/opt/openjdk@17/libexec/openjdk.jdk/Contents/Home defined at /Users/studium/.bloop/bloop.json
2023.10.17 13:00:22 INFO  skipping build import with status 'Installed'
2023.10.17 13:00:22 INFO  tracing is disabled for protocol BSP, to enable tracing of incoming and outgoing JSON messages create an empty file at /Users/studium/Documents/development/projects/play-test/.metals/bsp.trace.json or /Users/studium/Library/Caches/org.scalameta.metals/bsp.trace.json
2023.10.17 13:00:22 INFO  Attempting to connect to the build server...
2023.10.17 13:00:22 INFO  Bloop uses /opt/homebrew/opt/openjdk@17/libexec/openjdk.jdk/Contents/Home defined at /Users/studium/.bloop/bloop.json
2023.10.17 13:00:22 INFO  Attempting to connect to the build server...
2023.10.17 13:00:22 INFO  Bloop uses /opt/homebrew/opt/openjdk@17/libexec/openjdk.jdk/Contents/Home defined at /Users/studium/.bloop/bloop.json
2023.10.17 13:00:22 INFO  tracing is disabled for protocol BSP, to enable tracing of incoming and outgoing JSON messages create an empty file at /Users/studium/Documents/development/projects/play-test/project/project/.metals/bsp.trace.json or /Users/studium/Library/Caches/org.scalameta.metals/bsp.trace.json
2023.10.17 13:00:22 INFO  tracing is disabled for protocol BSP, to enable tracing of incoming and outgoing JSON messages create an empty file at /Users/studium/Documents/development/projects/play-test/project/.metals/bsp.trace.json or /Users/studium/Library/Caches/org.scalameta.metals/bsp.trace.json
2023.10.17 13:00:22 INFO  time: Connected to build server in 0.29s
2023.10.17 13:00:22 INFO  Connected to Build server: Bloop v1.5.8
2023.10.17 13:00:23 INFO  no build target found for /Users/studium/Documents/development/projects/play-test/app/controllers/HomeController.scala. Using presentation compiler with project's scala-library version: 3.3.0
2023.10.17 13:00:24 INFO  no build target found for /Users/studium/Documents/development/projects/play-test/app/controllers/HomeController.scala. Using presentation compiler with project's scala-library version: 3.3.0
2023.10.17 13:00:24 INFO  time: code lens generation in 1.62s
2023.10.17 13:00:25 INFO  time: code lens generation in 1.59s
2023.10.17 13:00:27 INFO  time: indexed workspace in 3.55s
2023.10.17 13:00:27 INFO  compiling root (7 scala sources and 1 java source)
2023.10.17 13:00:27 ERROR error while loading HearthstoneMini, Missing dependency 'Add -Ytasty-reader to scalac options to parse the TASTy in /Users/studium/Documents/development/projects/play-test/lib/HearthstoneMini.jar(hearthstoneMini/HearthstoneMini.class)', required by /Users/studium/Documents/development/projects/play-test/lib/HearthstoneMini.jar(hearthstoneMini/HearthstoneMini.class)
2023.10.17 13:00:27 ERROR error while loading package, Missing dependency 'Add -Ytasty-reader to scalac options to parse the TASTy in /Users/studium/Documents/development/projects/play-test/lib/HearthstoneMini.jar(scala/xml/package.class)', required by /Users/studium/Documents/development/projects/play-test/lib/HearthstoneMini.jar(scala/xml/package.class)
2023.10.17 13:00:27 ERROR error while loading NodeBuffer, Missing dependency 'Add -Ytasty-reader to scalac options to parse the TASTy in /Users/studium/Documents/development/projects/play-test/lib/HearthstoneMini.jar(scala/xml/NodeBuffer.class)', required by /Users/studium/Documents/development/projects/play-test/lib/HearthstoneMini.jar(scala/xml/NodeBuffer.class)
2023.10.17 13:00:27 ERROR error while loading NodeSeq, Missing dependency 'Add -Ytasty-reader to scalac options to parse the TASTy in /Users/studium/Documents/development/projects/play-test/lib/HearthstoneMini.jar(scala/xml/NodeSeq.class)', required by /Users/studium/Documents/development/projects/play-test/lib/HearthstoneMini.jar(scala/xml/NodeSeq.class)
2023.10.17 13:00:27 INFO  time: compiled root in 0.81s
2023.10.17 13:00:27 INFO  compiling root (7 scala sources and 1 java source)
2023.10.17 13:00:27 ERROR error while loading HearthstoneMini, Missing dependency 'Add -Ytasty-reader to scalac options to parse the TASTy in /Users/studium/Documents/development/projects/play-test/lib/HearthstoneMini.jar(hearthstoneMini/HearthstoneMini.class)', required by /Users/studium/Documents/development/projects/play-test/lib/HearthstoneMini.jar(hearthstoneMini/HearthstoneMini.class)
2023.10.17 13:00:28 ERROR error while loading package, Missing dependency 'Add -Ytasty-reader to scalac options to parse the TASTy in /Users/studium/Documents/development/projects/play-test/lib/HearthstoneMini.jar(scala/xml/package.class)', required by /Users/studium/Documents/development/projects/play-test/lib/HearthstoneMini.jar(scala/xml/package.class)
2023.10.17 13:00:28 ERROR error while loading NodeBuffer, Missing dependency 'Add -Ytasty-reader to scalac options to parse the TASTy in /Users/studium/Documents/development/projects/play-test/lib/HearthstoneMini.jar(scala/xml/NodeBuffer.class)', required by /Users/studium/Documents/development/projects/play-test/lib/HearthstoneMini.jar(scala/xml/NodeBuffer.class)
2023.10.17 13:00:28 ERROR error while loading NodeSeq, Missing dependency 'Add -Ytasty-reader to scalac options to parse the TASTy in /Users/studium/Documents/development/projects/play-test/lib/HearthstoneMini.jar(scala/xml/NodeSeq.class)', required by /Users/studium/Documents/development/projects/play-test/lib/HearthstoneMini.jar(scala/xml/NodeSeq.class)
2023.10.17 13:00:28 INFO  time: compiled root in 0.18s
2023.10.17 13:00:37 INFO  Shutting down server
2023.10.17 13:00:37 INFO  shutting down Metals
2023.10.17 13:00:37 INFO  Shut down connection with build server.
2023.10.17 13:00:37 INFO  Shut down connection with build server.
2023.10.17 13:00:37 INFO  Shut down connection with build server.
2023.10.17 13:00:37 INFO  Exiting server
2023.10.17 13:00:40 INFO  Started: Metals version 1.0.1 in folders '/Users/studium/Documents/development/projects/play-test' for client Visual Studio Code 1.83.1.
Oct 17, 2023 1:00:40 PM org.flywaydb.core.internal.license.VersionPrinter printVersionOnly
INFO: Flyway Community Edition 9.21.2 by Redgate
Oct 17, 2023 1:00:40 PM org.flywaydb.core.internal.license.VersionPrinter printVersion
INFO: See release notes here: https://rd.gt/416ObMi
Oct 17, 2023 1:00:40 PM org.flywaydb.core.internal.license.VersionPrinter printVersion
INFO: 
Oct 17, 2023 1:00:40 PM org.flywaydb.core.FlywayExecutor execute
INFO: Database: jdbc:h2:file:/Users/studium/Documents/development/projects/play-test/.metals/metals (H2 2.1)
Oct 17, 2023 1:00:40 PM org.flywaydb.core.internal.command.DbValidate validate
INFO: Successfully validated 4 migrations (execution time 00:00.009s)
Oct 17, 2023 1:00:40 PM org.flywaydb.core.internal.command.DbMigrate migrateGroup
INFO: Current version of schema "PUBLIC": 4
Oct 17, 2023 1:00:40 PM org.flywaydb.core.internal.command.DbMigrate logSummary
INFO: Schema "PUBLIC" is up to date. No migration necessary.
2023.10.17 13:00:40 INFO  time: initialize in 0.37s
2023.10.17 13:00:41 INFO  Attempting to connect to the build server...
2023.10.17 13:00:41 INFO  Bloop uses /opt/homebrew/opt/openjdk@17/libexec/openjdk.jdk/Contents/Home defined at /Users/studium/.bloop/bloop.json
2023.10.17 13:00:41 INFO  skipping build import with status 'Installed'
2023.10.17 13:00:41 INFO  tracing is disabled for protocol BSP, to enable tracing of incoming and outgoing JSON messages create an empty file at /Users/studium/Documents/development/projects/play-test/.metals/bsp.trace.json or /Users/studium/Library/Caches/org.scalameta.metals/bsp.trace.json
2023.10.17 13:00:41 INFO  Attempting to connect to the build server...
2023.10.17 13:00:41 INFO  Bloop uses /opt/homebrew/opt/openjdk@17/libexec/openjdk.jdk/Contents/Home defined at /Users/studium/.bloop/bloop.json
2023.10.17 13:00:41 INFO  Attempting to connect to the build server...
2023.10.17 13:00:41 INFO  Bloop uses /opt/homebrew/opt/openjdk@17/libexec/openjdk.jdk/Contents/Home defined at /Users/studium/.bloop/bloop.json
2023.10.17 13:00:41 INFO  tracing is disabled for protocol BSP, to enable tracing of incoming and outgoing JSON messages create an empty file at /Users/studium/Documents/development/projects/play-test/project/project/.metals/bsp.trace.json or /Users/studium/Library/Caches/org.scalameta.metals/bsp.trace.json
2023.10.17 13:00:41 INFO  tracing is disabled for protocol BSP, to enable tracing of incoming and outgoing JSON messages create an empty file at /Users/studium/Documents/development/projects/play-test/project/.metals/bsp.trace.json or /Users/studium/Library/Caches/org.scalameta.metals/bsp.trace.json
2023.10.17 13:00:41 INFO  time: Connected to build server in 0.18s
2023.10.17 13:00:41 INFO  Connected to Build server: Bloop v1.5.8
2023.10.17 13:00:43 INFO  no build target found for /Users/studium/Documents/development/projects/play-test/app/controllers/HomeController.scala. Using presentation compiler with project's scala-library version: 3.3.0
2023.10.17 13:00:44 INFO  no build target found for /Users/studium/Documents/development/projects/play-test/app/controllers/HomeController.scala. Using presentation compiler with project's scala-library version: 3.3.0
2023.10.17 13:00:44 INFO  time: code lens generation in 1.55s
2023.10.17 13:00:47 INFO  time: indexed workspace in 3.71s
2023.10.17 13:00:47 INFO  compiling root (7 scala sources and 1 java source)
2023.10.17 13:00:47 ERROR error while loading HearthstoneMini, Missing dependency 'Add -Ytasty-reader to scalac options to parse the TASTy in /Users/studium/Documents/development/projects/play-test/lib/HearthstoneMini.jar(hearthstoneMini/HearthstoneMini.class)', required by /Users/studium/Documents/development/projects/play-test/lib/HearthstoneMini.jar(hearthstoneMini/HearthstoneMini.class)
2023.10.17 13:00:47 ERROR error while loading package, Missing dependency 'Add -Ytasty-reader to scalac options to parse the TASTy in /Users/studium/Documents/development/projects/play-test/lib/HearthstoneMini.jar(scala/xml/package.class)', required by /Users/studium/Documents/development/projects/play-test/lib/HearthstoneMini.jar(scala/xml/package.class)
2023.10.17 13:00:47 ERROR error while loading NodeBuffer, Missing dependency 'Add -Ytasty-reader to scalac options to parse the TASTy in /Users/studium/Documents/development/projects/play-test/lib/HearthstoneMini.jar(scala/xml/NodeBuffer.class)', required by /Users/studium/Documents/development/projects/play-test/lib/HearthstoneMini.jar(scala/xml/NodeBuffer.class)
2023.10.17 13:00:47 ERROR error while loading NodeSeq, Missing dependency 'Add -Ytasty-reader to scalac options to parse the TASTy in /Users/studium/Documents/development/projects/play-test/lib/HearthstoneMini.jar(scala/xml/NodeSeq.class)', required by /Users/studium/Documents/development/projects/play-test/lib/HearthstoneMini.jar(scala/xml/NodeSeq.class)
2023.10.17 13:00:47 INFO  time: compiled root in 0.87s
2023.10.17 13:00:48 INFO  compiling root (7 scala sources and 1 java source)
2023.10.17 13:00:48 ERROR error while loading HearthstoneMini, Missing dependency 'Add -Ytasty-reader to scalac options to parse the TASTy in /Users/studium/Documents/development/projects/play-test/lib/HearthstoneMini.jar(hearthstoneMini/HearthstoneMini.class)', required by /Users/studium/Documents/development/projects/play-test/lib/HearthstoneMini.jar(hearthstoneMini/HearthstoneMini.class)
2023.10.17 13:00:48 ERROR error while loading package, Missing dependency 'Add -Ytasty-reader to scalac options to parse the TASTy in /Users/studium/Documents/development/projects/play-test/lib/HearthstoneMini.jar(scala/xml/package.class)', required by /Users/studium/Documents/development/projects/play-test/lib/HearthstoneMini.jar(scala/xml/package.class)
2023.10.17 13:00:48 ERROR error while loading NodeBuffer, Missing dependency 'Add -Ytasty-reader to scalac options to parse the TASTy in /Users/studium/Documents/development/projects/play-test/lib/HearthstoneMini.jar(scala/xml/NodeBuffer.class)', required by /Users/studium/Documents/development/projects/play-test/lib/HearthstoneMini.jar(scala/xml/NodeBuffer.class)
2023.10.17 13:00:48 ERROR error while loading NodeSeq, Missing dependency 'Add -Ytasty-reader to scalac options to parse the TASTy in /Users/studium/Documents/development/projects/play-test/lib/HearthstoneMini.jar(scala/xml/NodeSeq.class)', required by /Users/studium/Documents/development/projects/play-test/lib/HearthstoneMini.jar(scala/xml/NodeSeq.class)
2023.10.17 13:00:48 INFO  time: compiled root in 0.18s
2023.10.17 14:34:52 INFO  Shutting down server
2023.10.17 14:34:52 INFO  shutting down Metals
2023.10.17 14:34:52 INFO  Shut down connection with build server.
2023.10.17 14:34:52 INFO  Shut down connection with build server.
2023.10.17 14:34:52 INFO  Shut down connection with build server.
2023.10.17 14:34:52 INFO  Exiting server
2023.10.17 14:34:55 INFO  Started: Metals version 1.0.1 in folders '/Users/studium/Documents/development/projects/play-test' for client Visual Studio Code 1.83.1.
Oct 17, 2023 2:34:55 PM org.flywaydb.core.internal.license.VersionPrinter printVersionOnly
INFO: Flyway Community Edition 9.21.2 by Redgate
Oct 17, 2023 2:34:55 PM org.flywaydb.core.internal.license.VersionPrinter printVersion
INFO: See release notes here: https://rd.gt/416ObMi
Oct 17, 2023 2:34:55 PM org.flywaydb.core.internal.license.VersionPrinter printVersion
INFO: 
Oct 17, 2023 2:34:56 PM org.flywaydb.core.FlywayExecutor execute
INFO: Database: jdbc:h2:file:/Users/studium/Documents/development/projects/play-test/.metals/metals (H2 2.1)
Oct 17, 2023 2:34:56 PM org.flywaydb.core.internal.command.DbValidate validate
INFO: Successfully validated 4 migrations (execution time 00:00.013s)
Oct 17, 2023 2:34:56 PM org.flywaydb.core.internal.command.DbMigrate migrateGroup
INFO: Current version of schema "PUBLIC": 4
Oct 17, 2023 2:34:56 PM org.flywaydb.core.internal.command.DbMigrate logSummary
INFO: Schema "PUBLIC" is up to date. No migration necessary.
2023.10.17 14:34:56 INFO  time: initialize in 0.42s
2023.10.17 14:34:56 INFO  Attempting to connect to the build server...
2023.10.17 14:34:57 INFO  Bloop uses /opt/homebrew/opt/openjdk@17/libexec/openjdk.jdk/Contents/Home defined at /Users/studium/.bloop/bloop.json
2023.10.17 14:34:57 INFO  skipping build import with status 'Installed'
2023.10.17 14:34:57 INFO  tracing is disabled for protocol BSP, to enable tracing of incoming and outgoing JSON messages create an empty file at /Users/studium/Documents/development/projects/play-test/.metals/bsp.trace.json or /Users/studium/Library/Caches/org.scalameta.metals/bsp.trace.json
2023.10.17 14:34:57 INFO  Attempting to connect to the build server...
2023.10.17 14:34:57 INFO  Bloop uses /opt/homebrew/opt/openjdk@17/libexec/openjdk.jdk/Contents/Home defined at /Users/studium/.bloop/bloop.json
2023.10.17 14:34:57 INFO  Attempting to connect to the build server...
2023.10.17 14:34:57 INFO  Bloop uses /opt/homebrew/opt/openjdk@17/libexec/openjdk.jdk/Contents/Home defined at /Users/studium/.bloop/bloop.json
2023.10.17 14:34:57 INFO  tracing is disabled for protocol BSP, to enable tracing of incoming and outgoing JSON messages create an empty file at /Users/studium/Documents/development/projects/play-test/project/project/.metals/bsp.trace.json or /Users/studium/Library/Caches/org.scalameta.metals/bsp.trace.json
2023.10.17 14:34:57 INFO  tracing is disabled for protocol BSP, to enable tracing of incoming and outgoing JSON messages create an empty file at /Users/studium/Documents/development/projects/play-test/project/.metals/bsp.trace.json or /Users/studium/Library/Caches/org.scalameta.metals/bsp.trace.json
2023.10.17 14:34:57 INFO  time: Connected to build server in 0.31s
2023.10.17 14:34:57 INFO  Connected to Build server: Bloop v1.5.8
2023.10.17 14:34:58 INFO  no build target found for /Users/studium/Documents/development/projects/play-test/app/controllers/HomeController.scala. Using presentation compiler with project's scala-library version: 3.3.0
2023.10.17 14:34:59 INFO  no build target found for /Users/studium/Documents/development/projects/play-test/app/controllers/HomeController.scala. Using presentation compiler with project's scala-library version: 3.3.0
2023.10.17 14:34:59 INFO  time: code lens generation in 1.58s
2023.10.17 14:35:02 INFO  time: indexed workspace in 3.83s
2023.10.17 14:35:02 INFO  compiling root (7 scala sources and 1 java source)
2023.10.17 14:35:02 ERROR error while loading HearthstoneMini, Missing dependency 'Add -Ytasty-reader to scalac options to parse the TASTy in /Users/studium/Documents/development/projects/play-test/lib/HearthstoneMini.jar(hearthstoneMini/HearthstoneMini.class)', required by /Users/studium/Documents/development/projects/play-test/lib/HearthstoneMini.jar(hearthstoneMini/HearthstoneMini.class)
2023.10.17 14:35:02 ERROR error while loading package, Missing dependency 'Add -Ytasty-reader to scalac options to parse the TASTy in /Users/studium/Documents/development/projects/play-test/lib/HearthstoneMini.jar(play/api/libs/json/package.class)', required by /Users/studium/Documents/development/projects/play-test/lib/HearthstoneMini.jar(play/api/libs/json/package.class)
2023.10.17 14:35:02 ERROR error while loading package, Missing dependency 'Add -Ytasty-reader to scalac options to parse the TASTy in /Users/studium/Documents/development/projects/play-test/lib/HearthstoneMini.jar(scala/xml/package.class)', required by /Users/studium/Documents/development/projects/play-test/lib/HearthstoneMini.jar(scala/xml/package.class)
2023.10.17 14:35:02 ERROR error while loading NodeBuffer, Missing dependency 'Add -Ytasty-reader to scalac options to parse the TASTy in /Users/studium/Documents/development/projects/play-test/lib/HearthstoneMini.jar(scala/xml/NodeBuffer.class)', required by /Users/studium/Documents/development/projects/play-test/lib/HearthstoneMini.jar(scala/xml/NodeBuffer.class)
2023.10.17 14:35:02 ERROR error while loading JsValue, Missing dependency 'Add -Ytasty-reader to scalac options to parse the TASTy in /Users/studium/Documents/development/projects/play-test/lib/HearthstoneMini.jar(play/api/libs/json/JsValue.class)', required by /Users/studium/Documents/development/projects/play-test/lib/HearthstoneMini.jar(play/api/libs/json/JsValue.class)
2023.10.17 14:35:02 ERROR error while loading NodeSeq, Missing dependency 'Add -Ytasty-reader to scalac options to parse the TASTy in /Users/studium/Documents/development/projects/play-test/lib/HearthstoneMini.jar(scala/xml/NodeSeq.class)', required by /Users/studium/Documents/development/projects/play-test/lib/HearthstoneMini.jar(scala/xml/NodeSeq.class)
2023.10.17 14:35:03 INFO  time: compiled root in 1.07s
2023.10.17 14:35:03 INFO  compiling root (7 scala sources and 1 java source)
2023.10.17 14:35:03 ERROR error while loading HearthstoneMini, Missing dependency 'Add -Ytasty-reader to scalac options to parse the TASTy in /Users/studium/Documents/development/projects/play-test/lib/HearthstoneMini.jar(hearthstoneMini/HearthstoneMini.class)', required by /Users/studium/Documents/development/projects/play-test/lib/HearthstoneMini.jar(hearthstoneMini/HearthstoneMini.class)
2023.10.17 14:35:03 ERROR error while loading package, Missing dependency 'Add -Ytasty-reader to scalac options to parse the TASTy in /Users/studium/Documents/development/projects/play-test/lib/HearthstoneMini.jar(play/api/libs/json/package.class)', required by /Users/studium/Documents/development/projects/play-test/lib/HearthstoneMini.jar(play/api/libs/json/package.class)
2023.10.17 14:35:03 ERROR error while loading package, Missing dependency 'Add -Ytasty-reader to scalac options to parse the TASTy in /Users/studium/Documents/development/projects/play-test/lib/HearthstoneMini.jar(scala/xml/package.class)', required by /Users/studium/Documents/development/projects/play-test/lib/HearthstoneMini.jar(scala/xml/package.class)
2023.10.17 14:35:03 ERROR error while loading NodeBuffer, Missing dependency 'Add -Ytasty-reader to scalac options to parse the TASTy in /Users/studium/Documents/development/projects/play-test/lib/HearthstoneMini.jar(scala/xml/NodeBuffer.class)', required by /Users/studium/Documents/development/projects/play-test/lib/HearthstoneMini.jar(scala/xml/NodeBuffer.class)
2023.10.17 14:35:03 ERROR error while loading JsValue, Missing dependency 'Add -Ytasty-reader to scalac options to parse the TASTy in /Users/studium/Documents/development/projects/play-test/lib/HearthstoneMini.jar(play/api/libs/json/JsValue.class)', required by /Users/studium/Documents/development/projects/play-test/lib/HearthstoneMini.jar(play/api/libs/json/JsValue.class)
2023.10.17 14:35:03 ERROR error while loading NodeSeq, Missing dependency 'Add -Ytasty-reader to scalac options to parse the TASTy in /Users/studium/Documents/development/projects/play-test/lib/HearthstoneMini.jar(scala/xml/NodeSeq.class)', required by /Users/studium/Documents/development/projects/play-test/lib/HearthstoneMini.jar(scala/xml/NodeSeq.class)
2023.10.17 14:35:03 INFO  time: compiled root in 0.12s
2023.10.17 14:36:37 INFO  time: code lens generation in 1.49s
2023.10.17 14:55:27 INFO  skipping build import with status 'Installed'
2023.10.17 14:57:17 INFO  Shutting down server
2023.10.17 14:57:17 INFO  shutting down Metals
2023.10.17 14:57:17 INFO  Shut down connection with build server.
2023.10.17 14:57:17 INFO  Shut down connection with build server.
2023.10.17 14:57:17 INFO  Shut down connection with build server.
2023.10.17 14:57:17 INFO  Exiting server
2023.10.17 14:57:20 INFO  Started: Metals version 1.0.1 in folders '/Users/studium/Documents/development/projects/play-test' for client Visual Studio Code 1.83.1.
Oct 17, 2023 2:57:20 PM org.flywaydb.core.internal.license.VersionPrinter printVersionOnly
INFO: Flyway Community Edition 9.21.2 by Redgate
Oct 17, 2023 2:57:20 PM org.flywaydb.core.internal.license.VersionPrinter printVersion
INFO: See release notes here: https://rd.gt/416ObMi
Oct 17, 2023 2:57:20 PM org.flywaydb.core.internal.license.VersionPrinter printVersion
INFO: 
Oct 17, 2023 2:57:20 PM org.flywaydb.core.FlywayExecutor execute
INFO: Database: jdbc:h2:file:/Users/studium/Documents/development/projects/play-test/.metals/metals (H2 2.1)
Oct 17, 2023 2:57:20 PM org.flywaydb.core.internal.command.DbValidate validate
INFO: Successfully validated 4 migrations (execution time 00:00.011s)
Oct 17, 2023 2:57:20 PM org.flywaydb.core.internal.command.DbMigrate migrateGroup
INFO: Current version of schema "PUBLIC": 4
Oct 17, 2023 2:57:20 PM org.flywaydb.core.internal.command.DbMigrate logSummary
INFO: Schema "PUBLIC" is up to date. No migration necessary.
2023.10.17 14:57:20 INFO  time: initialize in 0.41s
2023.10.17 14:57:21 INFO  Attempting to connect to the build server...
2023.10.17 14:57:21 INFO  Bloop uses /opt/homebrew/opt/openjdk@17/libexec/openjdk.jdk/Contents/Home defined at /Users/studium/.bloop/bloop.json
2023.10.17 14:57:21 INFO  skipping build import with status 'Installed'
2023.10.17 14:57:21 INFO  tracing is disabled for protocol BSP, to enable tracing of incoming and outgoing JSON messages create an empty file at /Users/studium/Documents/development/projects/play-test/.metals/bsp.trace.json or /Users/studium/Library/Caches/org.scalameta.metals/bsp.trace.json
2023.10.17 14:57:21 INFO  Attempting to connect to the build server...
2023.10.17 14:57:21 INFO  Bloop uses /opt/homebrew/opt/openjdk@17/libexec/openjdk.jdk/Contents/Home defined at /Users/studium/.bloop/bloop.json
2023.10.17 14:57:21 INFO  Attempting to connect to the build server...
2023.10.17 14:57:21 INFO  Bloop uses /opt/homebrew/opt/openjdk@17/libexec/openjdk.jdk/Contents/Home defined at /Users/studium/.bloop/bloop.json
2023.10.17 14:57:21 INFO  tracing is disabled for protocol BSP, to enable tracing of incoming and outgoing JSON messages create an empty file at /Users/studium/Documents/development/projects/play-test/project/.metals/bsp.trace.json or /Users/studium/Library/Caches/org.scalameta.metals/bsp.trace.json
2023.10.17 14:57:21 INFO  tracing is disabled for protocol BSP, to enable tracing of incoming and outgoing JSON messages create an empty file at /Users/studium/Documents/development/projects/play-test/project/project/.metals/bsp.trace.json or /Users/studium/Library/Caches/org.scalameta.metals/bsp.trace.json
2023.10.17 14:57:21 INFO  time: Connected to build server in 0.31s
2023.10.17 14:57:21 INFO  Connected to Build server: Bloop v1.5.8
2023.10.17 14:57:24 INFO  time: indexed workspace in 2.57s
2023.10.17 15:03:06 INFO  time: code lens generation in 1.83s
2023.10.17 15:03:33 INFO  running '/opt/homebrew/opt/openjdk@17/libexec/openjdk.jdk/Contents/Home/bin/java -Djline.terminal=jline.UnsupportedTerminal -Dsbt.log.noformat=true -Dfile.encoding=UTF-8 -jar /var/folders/7s/d_d_h9sn1xv8l6phcxgpbpcm0000gp/T/metals14067989901568201/sbt-launch.jar -Dbloop.export-jar-classifiers=sources bloopInstall'
2023.10.17 15:03:33 INFO  [info] welcome to sbt 1.9.6 (Homebrew Java 17.0.8.1)
2023.10.17 15:03:33 INFO  [info] loading settings for project play-test-build-build-build from metals.sbt ...
2023.10.17 15:03:33 INFO  [info] loading project definition from /Users/studium/Documents/development/projects/play-test/project/project/project
2023.10.17 15:03:35 INFO  [info] loading settings for project play-test-build-build from metals.sbt ...
2023.10.17 15:03:35 INFO  [info] loading project definition from /Users/studium/Documents/development/projects/play-test/project/project
2023.10.17 15:03:35 INFO  [success] Generated .bloop/play-test-build-build.json
2023.10.17 15:03:36 INFO  [success] Total time: 1 s, completed 17 Oct 2023, 15:03:36
2023.10.17 15:03:36 INFO  [info] loading settings for project play-test-build from metals.sbt,plugins.sbt ...
2023.10.17 15:03:36 INFO  [info] loading project definition from /Users/studium/Documents/development/projects/play-test/project
2023.10.17 15:03:36 INFO  [success] Generated .bloop/play-test-build.json
2023.10.17 15:03:36 INFO  [success] Total time: 1 s, completed 17 Oct 2023, 15:03:36
2023.10.17 15:03:37 INFO  [info] loading settings for project root from build.sbt ...
2023.10.17 15:03:37 INFO  [info]   __              __
2023.10.17 15:03:37 INFO  [info]   \ \     ____   / /____ _ __  __
2023.10.17 15:03:37 INFO  [info]    \ \   / __ \ / // __ `// / / /
2023.10.17 15:03:37 INFO  [info]    / /  / /_/ // // /_/ // /_/ /
2023.10.17 15:03:37 INFO  [info]   /_/  / .___//_/ \__,_/ \__, /
2023.10.17 15:03:37 INFO  [info]       /_/               /____/
2023.10.17 15:03:37 INFO  [info] 
2023.10.17 15:03:37 INFO  [info] Version 2.9.0-RC3 running Java 17.0.8.1
2023.10.17 15:03:37 INFO  [info] 
2023.10.17 15:03:37 INFO  [info] Play is run entirely by the community. Please consider contributing and/or donating:
2023.10.17 15:03:37 INFO  [info] https://www.playframework.com/sponsors
2023.10.17 15:03:37 INFO  [info] 
2023.10.17 15:03:37 INFO  [success] Generated .bloop/root.json
2023.10.17 15:03:37 INFO  [success] Generated .bloop/root-test.json
2023.10.17 15:03:37 INFO  [success] Total time: 0 s, completed 17 Oct 2023, 15:03:38
2023.10.17 15:03:38 INFO  time: ran 'sbt bloopInstall' in 5.46s
2023.10.17 15:03:38 INFO  Disconnecting from Bloop session...
2023.10.17 15:03:38 INFO  Shut down connection with build server.
2023.10.17 15:03:38 INFO  Shut down connection with build server.
2023.10.17 15:03:38 INFO  Shut down connection with build server.
2023.10.17 15:03:38 INFO  Attempting to connect to the build server...
2023.10.17 15:03:38 INFO  Bloop uses /opt/homebrew/opt/openjdk@17/libexec/openjdk.jdk/Contents/Home defined at /Users/studium/.bloop/bloop.json
2023.10.17 15:03:38 INFO  tracing is disabled for protocol BSP, to enable tracing of incoming and outgoing JSON messages create an empty file at /Users/studium/Documents/development/projects/play-test/.metals/bsp.trace.json or /Users/studium/Library/Caches/org.scalameta.metals/bsp.trace.json
2023.10.17 15:03:38 INFO  Attempting to connect to the build server...
2023.10.17 15:03:38 INFO  Bloop uses /opt/homebrew/opt/openjdk@17/libexec/openjdk.jdk/Contents/Home defined at /Users/studium/.bloop/bloop.json
2023.10.17 15:03:38 INFO  Attempting to connect to the build server...
2023.10.17 15:03:38 INFO  Bloop uses /opt/homebrew/opt/openjdk@17/libexec/openjdk.jdk/Contents/Home defined at /Users/studium/.bloop/bloop.json
2023.10.17 15:03:38 INFO  tracing is disabled for protocol BSP, to enable tracing of incoming and outgoing JSON messages create an empty file at /Users/studium/Documents/development/projects/play-test/project/project/.metals/bsp.trace.json or /Users/studium/Library/Caches/org.scalameta.metals/bsp.trace.json
2023.10.17 15:03:38 INFO  tracing is disabled for protocol BSP, to enable tracing of incoming and outgoing JSON messages create an empty file at /Users/studium/Documents/development/projects/play-test/project/.metals/bsp.trace.json or /Users/studium/Library/Caches/org.scalameta.metals/bsp.trace.json
2023.10.17 15:03:38 INFO  time: Connected to build server in 36ms
2023.10.17 15:03:38 INFO  Connected to Build server: Bloop v1.5.8
2023.10.17 15:03:39 INFO  time: indexed workspace in 1.26s
2023.10.17 15:04:23 INFO  compiling root (7 scala sources and 1 java source)
2023.10.17 15:04:26 INFO  time: compiled root in 3.28s
Oct 17, 2023 3:04:56 PM scala.meta.internal.pc.CompilerAccess handleError
SEVERE: A severe compiler error occurred, full details of the error can be found in the error report /Users/studium/Documents/development/projects/play-test/.metals/.reports/metals-full/2023-10-17/r_compiler-error_15-04-56-931
2023.10.17 15:04:59 INFO  compiling root (1 scala source)
2023.10.17 15:04:59 INFO  time: compiled root in 0.16s
Oct 17, 2023 3:05:02 PM scala.meta.internal.pc.CompilerAccess handleError
SEVERE: A severe compiler error occurred, full details of the error can be found in the error report /Users/studium/Documents/development/projects/play-test/.metals/.reports/metals-full/2023-10-17/r_compiler-error_15-05-02-788
2023.10.17 15:05:04 INFO  compiling root (1 scala source)
2023.10.17 15:05:04 INFO  time: compiled root in 0.12s
2023.10.17 15:06:34 INFO  compiling root (1 scala source)
2023.10.17 15:06:34 INFO  time: compiled root in 70ms
2023.10.17 15:06:48 INFO  compiling root (1 scala source)
2023.10.17 15:06:48 INFO  time: compiled root in 80ms
2023.10.17 15:08:47 INFO  compiling root (1 scala source)
2023.10.17 15:08:47 INFO  time: compiled root in 98ms
Oct 17, 2023 3:08:56 PM scala.meta.internal.pc.CompilerAccess handleError
SEVERE: A severe compiler error occurred, full details of the error can be found in the error report /Users/studium/Documents/development/projects/play-test/.metals/.reports/metals-full/2023-10-17/r_compiler-error_15-08-56-250
2023.10.17 15:08:57 INFO  compiling root (1 scala source)
2023.10.17 15:08:57 INFO  time: compiled root in 68ms
2023.10.17 15:09:10 INFO  compiling root (1 scala source)
2023.10.17 15:09:10 INFO  time: compiled root in 80ms
2023.10.17 15:09:19 INFO  compiling root (1 scala source)
2023.10.17 15:09:19 INFO  time: compiled root in 45ms
2023.10.17 15:09:28 INFO  compiling root (1 scala source)
2023.10.17 15:09:28 INFO  time: compiled root in 72ms
2023.10.17 15:09:35 INFO  compiling root (1 scala source)
2023.10.17 15:09:35 INFO  time: compiled root in 73ms
2023.10.17 15:09:43 INFO  compiling root (1 scala source)
2023.10.17 15:09:43 INFO  time: compiled root in 72ms
2023.10.17 15:09:47 INFO  compiling root (1 scala source)
2023.10.17 15:09:47 INFO  time: compiled root in 0.75s
2023.10.17 15:09:48 INFO  compiling root (1 scala source)
2023.10.17 15:09:48 WARN  Could not load snapshot text for /Users/studium/Documents/development/projects/play-test/app/controllers/HomeController.scala
2023.10.17 15:09:48 INFO  time: compiled root in 0.5s
Oct 17, 2023 3:09:52 PM scala.meta.internal.pc.CompilerAccess handleError
SEVERE: A severe compiler error occurred, full details of the error can be found in the error report /Users/studium/Documents/development/projects/play-test/.metals/.reports/metals-full/2023-10-17/r_compiler-error_15-09-52-346
Oct 17, 2023 3:09:52 PM scala.meta.internal.pc.CompilerAccess handleError
SEVERE: A severe compiler error occurred, full details of the error can be found in the error report /Users/studium/Documents/development/projects/play-test/.metals/.reports/metals-full/2023-10-17/r_compiler-error_15-09-52-654
2023.10.17 15:09:53 INFO  compiling root (1 scala source)
2023.10.17 15:09:53 INFO  time: compiled root in 80ms
Oct 17, 2023 3:09:55 PM scala.meta.internal.pc.CompilerAccess handleError
SEVERE: A severe compiler error occurred, full details of the error can be found in the error report /Users/studium/Documents/development/projects/play-test/.metals/.reports/metals-full/2023-10-17/r_compiler-error_15-09-55-693
Oct 17, 2023 3:09:55 PM scala.meta.internal.pc.CompilerAccess handleError
SEVERE: A severe compiler error occurred, full details of the error can be found in the error report /Users/studium/Documents/development/projects/play-test/.metals/.reports/metals-full/2023-10-17/r_compiler-error_15-09-55-980
Oct 17, 2023 3:09:57 PM scala.meta.internal.pc.CompilerAccess handleError
SEVERE: A severe compiler error occurred, full details of the error can be found in the error report /Users/studium/Documents/development/projects/play-test/.metals/.reports/metals-full/2023-10-17/r_compiler-error_15-09-57-020
Oct 17, 2023 3:09:57 PM scala.meta.internal.pc.CompilerAccess handleError
SEVERE: A severe compiler error occurred, full details of the error can be found in the error report /Users/studium/Documents/development/projects/play-test/.metals/.reports/metals-full/2023-10-17/r_compiler-error_15-09-57-440
Oct 17, 2023 3:11:10 PM scala.meta.internal.pc.CompilerAccess handleError
SEVERE: A severe compiler error occurred, full details of the error can be found in the error report /Users/studium/Documents/development/projects/play-test/.metals/.reports/metals-full/2023-10-17/r_compiler-error_15-11-10-841
2023.10.17 15:11:17 ERROR Failed to tokenize input for semantic tokens for /Users/studium/Documents/development/projects/play-test/app/controllers/HomeController.scala
scala.meta.tokenizers.TokenizeException: <input>:22: error: illegal character '\u00a0'
    Ok(views.Â  views.html.index())
             ^
	at scala.meta.internal.tokenizers.Reporter.syntaxError(Reporter.scala:23)
	at scala.meta.internal.tokenizers.Reporter.syntaxError$(Reporter.scala:23)
	at scala.meta.internal.tokenizers.Reporter$$anon$1.syntaxError(Reporter.scala:33)
	at scala.meta.internal.tokenizers.Reporter.syntaxError(Reporter.scala:25)
	at scala.meta.internal.tokenizers.Reporter.syntaxError$(Reporter.scala:25)
	at scala.meta.internal.tokenizers.Reporter$$anon$1.syntaxError(Reporter.scala:33)
	at scala.meta.internal.tokenizers.LegacyScanner.fetchOther$1(LegacyScanner.scala:502)
	at scala.meta.internal.tokenizers.LegacyScanner.fetchToken(LegacyScanner.scala:507)
	at scala.meta.internal.tokenizers.LegacyScanner.nextToken(LegacyScanner.scala:246)
	at scala.meta.internal.tokenizers.LegacyScanner.foreach(LegacyScanner.scala:1047)
	at scala.meta.internal.tokenizers.ScalametaTokenizer.uncachedTokenize(ScalametaTokenizer.scala:24)
	at scala.meta.internal.tokenizers.ScalametaTokenizer.$anonfun$tokenize$1(ScalametaTokenizer.scala:17)
	at scala.collection.concurrent.TrieMap.getOrElseUpdate(TrieMap.scala:962)
	at scala.meta.internal.tokenizers.ScalametaTokenizer.tokenize(ScalametaTokenizer.scala:17)
	at scala.meta.internal.tokenizers.ScalametaTokenizer$$anon$2.apply(ScalametaTokenizer.scala:332)
	at scala.meta.tokenizers.Api$XtensionTokenizeDialectInput.tokenize(Api.scala:25)
	at scala.meta.tokenizers.Api$XtensionTokenizeInputLike.tokenize(Api.scala:14)
	at scala.meta.internal.metals.SemanticTokensProvider$.getTokens(SemanticTokensProvider.scala:30)
	at scala.meta.internal.metals.SemanticTokensProvider$.provide(SemanticTokensProvider.scala:89)
	at scala.meta.internal.metals.Compilers.$anonfun$semanticTokens$3(Compilers.scala:511)
	at scala.concurrent.impl.Promise$Transformation.run(Promise.scala:467)
	at java.util.concurrent.ThreadPoolExecutor.runWorker(ThreadPoolExecutor.java:1136)
	at java.util.concurrent.ThreadPoolExecutor$Worker.run(ThreadPoolExecutor.java:635)
	at java.lang.Thread.run(Thread.java:833)

Oct 17, 2023 3:13:49 PM scala.meta.internal.pc.CompilerAccess handleError
SEVERE: A severe compiler error occurred, full details of the error can be found in the error report /Users/studium/Documents/development/projects/play-test/.metals/.reports/metals-full/2023-10-17/r_compiler-error_15-13-49-402
Oct 17, 2023 3:13:53 PM scala.meta.internal.pc.CompilerAccess handleError
SEVERE: A severe compiler error occurred, full details of the error can be found in the error report /Users/studium/Documents/development/projects/play-test/.metals/.reports/metals-full/2023-10-17/r_compiler-error_15-13-53-156
2023.10.17 15:14:27 INFO  compiling root (1 scala source)
2023.10.17 15:14:27 INFO  time: compiled root in 40ms
2023.10.17 15:14:33 INFO  compiling root (1 scala source)
2023.10.17 15:14:33 INFO  time: compiled root in 46ms
2023.10.17 15:14:40 INFO  compiling root (1 scala source)
2023.10.17 15:14:41 INFO  time: compiled root in 1.02s
2023.10.17 15:15:14 INFO  compiling root (4 scala sources)
2023.10.17 15:15:14 INFO  time: compiled root in 0.14s
2023.10.17 15:15:52 INFO  compiling root (4 scala sources)
2023.10.17 15:15:52 INFO  time: compiled root in 0.85s
2023.10.17 15:15:52 INFO  compiling root (2 scala sources and 1 java source)
2023.10.17 15:15:52 INFO  time: compiled root in 60ms
2023.10.17 15:15:52 INFO  compiling root (4 scala sources)
2023.10.17 15:15:53 INFO  time: compiled root in 0.33s
2023.10.17 15:15:53 INFO  compiling root (2 scala sources and 1 java source)
2023.10.17 15:15:53 INFO  time: compiled root in 50ms
Oct 17, 2023 3:15:56 PM scala.meta.internal.pc.CompilerAccess handleError
SEVERE: A severe compiler error occurred, full details of the error can be found in the error report /Users/studium/Documents/development/projects/play-test/.metals/.reports/metals-full/2023-10-17/r_compiler-error_15-15-56-399
Oct 17, 2023 3:16:06 PM scala.meta.internal.pc.CompilerAccess handleError
SEVERE: A severe compiler error occurred, full details of the error can be found in the error report /Users/studium/Documents/development/projects/play-test/.metals/.reports/metals-full/2023-10-17/r_compiler-error_15-16-06-834
2023.10.17 15:16:11 INFO  compiling root (7 scala sources and 1 java source)
2023.10.17 15:16:11 INFO  time: compiled root in 42ms
2023.10.17 15:16:18 INFO  compiling root (7 scala sources and 1 java source)
2023.10.17 15:16:18 INFO  time: compiled root in 42ms
2023.10.17 15:16:30 INFO  compiling root (7 scala sources and 1 java source)
2023.10.17 15:16:30 INFO  time: compiled root in 0.13s
2023.10.17 15:16:36 INFO  compiling root (7 scala sources and 1 java source)
2023.10.17 15:16:36 INFO  time: compiled root in 0.11s
2023.10.17 15:16:38 INFO  compiling root (7 scala sources and 1 java source)
2023.10.17 15:16:38 INFO  time: compiled root in 0.13s
2023.10.17 15:17:07 INFO  compiling root (2 scala sources)
2023.10.17 15:17:07 INFO  time: compiled root in 0.71s
2023.10.17 15:21:35 INFO  Shutting down server
2023.10.17 15:21:35 INFO  shutting down Metals
2023.10.17 15:21:35 INFO  Shut down connection with build server.
2023.10.17 15:21:35 INFO  Shut down connection with build server.
2023.10.17 15:21:35 INFO  Shut down connection with build server.
2023.10.17 15:21:35 INFO  Exiting server
2023.10.17 15:21:39 INFO  Started: Metals version 1.0.1 in folders '/Users/studium/Documents/development/projects/play-test' for client Visual Studio Code 1.83.1.
Oct 17, 2023 3:21:39 PM org.flywaydb.core.internal.license.VersionPrinter printVersionOnly
INFO: Flyway Community Edition 9.21.2 by Redgate
Oct 17, 2023 3:21:39 PM org.flywaydb.core.internal.license.VersionPrinter printVersion
INFO: See release notes here: https://rd.gt/416ObMi
Oct 17, 2023 3:21:39 PM org.flywaydb.core.internal.license.VersionPrinter printVersion
INFO: 
Oct 17, 2023 3:21:39 PM org.flywaydb.core.FlywayExecutor execute
INFO: Database: jdbc:h2:file:/Users/studium/Documents/development/projects/play-test/.metals/metals (H2 2.1)
Oct 17, 2023 3:21:39 PM org.flywaydb.core.internal.command.DbValidate validate
INFO: Successfully validated 4 migrations (execution time 00:00.013s)
Oct 17, 2023 3:21:39 PM org.flywaydb.core.internal.command.DbMigrate migrateGroup
INFO: Current version of schema "PUBLIC": 4
Oct 17, 2023 3:21:39 PM org.flywaydb.core.internal.command.DbMigrate logSummary
INFO: Schema "PUBLIC" is up to date. No migration necessary.
2023.10.17 15:21:40 INFO  time: initialize in 0.43s
2023.10.17 15:21:41 INFO  Attempting to connect to the build server...
2023.10.17 15:21:41 INFO  Bloop uses /opt/homebrew/opt/openjdk@17/libexec/openjdk.jdk/Contents/Home defined at /Users/studium/.bloop/bloop.json
2023.10.17 15:21:41 INFO  skipping build import with status 'Installed'
2023.10.17 15:21:41 INFO  tracing is disabled for protocol BSP, to enable tracing of incoming and outgoing JSON messages create an empty file at /Users/studium/Documents/development/projects/play-test/.metals/bsp.trace.json or /Users/studium/Library/Caches/org.scalameta.metals/bsp.trace.json
2023.10.17 15:21:41 INFO  Attempting to connect to the build server...
2023.10.17 15:21:41 INFO  Bloop uses /opt/homebrew/opt/openjdk@17/libexec/openjdk.jdk/Contents/Home defined at /Users/studium/.bloop/bloop.json
2023.10.17 15:21:41 INFO  Attempting to connect to the build server...
2023.10.17 15:21:41 INFO  Bloop uses /opt/homebrew/opt/openjdk@17/libexec/openjdk.jdk/Contents/Home defined at /Users/studium/.bloop/bloop.json
2023.10.17 15:21:41 INFO  tracing is disabled for protocol BSP, to enable tracing of incoming and outgoing JSON messages create an empty file at /Users/studium/Documents/development/projects/play-test/project/project/.metals/bsp.trace.json or /Users/studium/Library/Caches/org.scalameta.metals/bsp.trace.json
2023.10.17 15:21:41 INFO  tracing is disabled for protocol BSP, to enable tracing of incoming and outgoing JSON messages create an empty file at /Users/studium/Documents/development/projects/play-test/project/.metals/bsp.trace.json or /Users/studium/Library/Caches/org.scalameta.metals/bsp.trace.json
2023.10.17 15:21:41 INFO  time: Connected to build server in 0.29s
2023.10.17 15:21:41 INFO  Connected to Build server: Bloop v1.5.8
2023.10.17 15:21:42 INFO  no build target found for /Users/studium/Documents/development/projects/play-test/app/controllers/HomeController.scala. Using presentation compiler with project's scala-library version: 3.3.0
2023.10.17 15:21:43 INFO  no build target found for /Users/studium/Documents/development/projects/play-test/app/controllers/HomeController.scala. Using presentation compiler with project's scala-library version: 3.3.0
2023.10.17 15:21:43 INFO  time: code lens generation in 1.78s
2023.10.17 15:21:47 INFO  time: indexed workspace in 4.28s
2023.10.17 15:21:47 INFO  compiling root (7 scala sources and 1 java source)
2023.10.17 15:21:49 INFO  time: compiled root in 2s
2023.10.17 15:21:49 INFO  compiling root-test (1 scala source)
2023.10.17 15:21:49 INFO  time: compiled root-test in 0.2s
2023.10.17 15:32:12 INFO  Shutting down server
2023.10.17 15:32:12 INFO  shutting down Metals
2023.10.17 15:32:12 INFO  Shut down connection with build server.
2023.10.17 15:32:12 INFO  Shut down connection with build server.
2023.10.17 15:32:12 INFO  Shut down connection with build server.
2023.10.17 15:32:12 INFO  Exiting server
2023.10.17 15:32:15 INFO  Started: Metals version 1.0.1 in folders '/Users/studium/Documents/development/projects/play-test' for client Visual Studio Code 1.83.1.
Oct 17, 2023 3:32:15 PM org.flywaydb.core.internal.license.VersionPrinter printVersionOnly
INFO: Flyway Community Edition 9.21.2 by Redgate
Oct 17, 2023 3:32:15 PM org.flywaydb.core.internal.license.VersionPrinter printVersion
INFO: See release notes here: https://rd.gt/416ObMi
Oct 17, 2023 3:32:15 PM org.flywaydb.core.internal.license.VersionPrinter printVersion
INFO: 
Oct 17, 2023 3:32:16 PM org.flywaydb.core.FlywayExecutor execute
INFO: Database: jdbc:h2:file:/Users/studium/Documents/development/projects/play-test/.metals/metals (H2 2.1)
Oct 17, 2023 3:32:16 PM org.flywaydb.core.internal.command.DbValidate validate
INFO: Successfully validated 4 migrations (execution time 00:00.011s)
Oct 17, 2023 3:32:16 PM org.flywaydb.core.internal.command.DbMigrate migrateGroup
INFO: Current version of schema "PUBLIC": 4
Oct 17, 2023 3:32:16 PM org.flywaydb.core.internal.command.DbMigrate logSummary
INFO: Schema "PUBLIC" is up to date. No migration necessary.
2023.10.17 15:32:16 INFO  time: initialize in 0.38s
2023.10.17 15:32:17 INFO  Attempting to connect to the build server...
2023.10.17 15:32:17 INFO  Bloop uses /opt/homebrew/opt/openjdk@17/libexec/openjdk.jdk/Contents/Home defined at /Users/studium/.bloop/bloop.json
2023.10.17 15:32:17 INFO  skipping build import with status 'Installed'
2023.10.17 15:32:17 INFO  tracing is disabled for protocol BSP, to enable tracing of incoming and outgoing JSON messages create an empty file at /Users/studium/Documents/development/projects/play-test/.metals/bsp.trace.json or /Users/studium/Library/Caches/org.scalameta.metals/bsp.trace.json
2023.10.17 15:32:17 INFO  Attempting to connect to the build server...
2023.10.17 15:32:17 INFO  Bloop uses /opt/homebrew/opt/openjdk@17/libexec/openjdk.jdk/Contents/Home defined at /Users/studium/.bloop/bloop.json
2023.10.17 15:32:17 INFO  Attempting to connect to the build server...
2023.10.17 15:32:17 INFO  Bloop uses /opt/homebrew/opt/openjdk@17/libexec/openjdk.jdk/Contents/Home defined at /Users/studium/.bloop/bloop.json
2023.10.17 15:32:17 INFO  tracing is disabled for protocol BSP, to enable tracing of incoming and outgoing JSON messages create an empty file at /Users/studium/Documents/development/projects/play-test/project/project/.metals/bsp.trace.json or /Users/studium/Library/Caches/org.scalameta.metals/bsp.trace.json
2023.10.17 15:32:17 INFO  tracing is disabled for protocol BSP, to enable tracing of incoming and outgoing JSON messages create an empty file at /Users/studium/Documents/development/projects/play-test/project/.metals/bsp.trace.json or /Users/studium/Library/Caches/org.scalameta.metals/bsp.trace.json
2023.10.17 15:32:17 INFO  time: Connected to build server in 0.24s
2023.10.17 15:32:17 INFO  Connected to Build server: Bloop v1.5.8
2023.10.17 15:32:18 INFO  no build target found for /Users/studium/Documents/development/projects/play-test/app/controllers/HomeController.scala. Using presentation compiler with project's scala-library version: 3.3.0
2023.10.17 15:32:19 INFO  no build target found for /Users/studium/Documents/development/projects/play-test/app/controllers/HomeController.scala. Using presentation compiler with project's scala-library version: 3.3.0
2023.10.17 15:32:19 INFO  time: code lens generation in 1.61s
2023.10.17 15:32:22 INFO  time: indexed workspace in 3.59s
2023.10.17 15:32:22 INFO  compiling root (7 scala sources and 1 java source)
2023.10.17 15:32:24 INFO  time: compiled root in 1.68s
2023.10.17 15:32:24 INFO  compiling root-test (1 scala source)
2023.10.17 15:32:24 INFO  time: compiled root-test in 0.11s
2023.10.17 15:34:54 INFO  Shutting down server
2023.10.17 15:34:54 INFO  shutting down Metals
2023.10.17 15:34:54 INFO  Shut down connection with build server.
2023.10.17 15:34:54 INFO  Shut down connection with build server.
2023.10.17 15:34:54 INFO  Shut down connection with build server.
2023.10.17 15:34:54 INFO  Exiting server
2023.10.17 15:34:57 INFO  Started: Metals version 1.0.1 in folders '/Users/studium/Documents/development/projects/play-test' for client Visual Studio Code 1.83.1.
Oct 17, 2023 3:34:57 PM org.flywaydb.core.internal.license.VersionPrinter printVersionOnly
INFO: Flyway Community Edition 9.21.2 by Redgate
Oct 17, 2023 3:34:57 PM org.flywaydb.core.internal.license.VersionPrinter printVersion
INFO: See release notes here: https://rd.gt/416ObMi
Oct 17, 2023 3:34:57 PM org.flywaydb.core.internal.license.VersionPrinter printVersion
INFO: 
Oct 17, 2023 3:34:58 PM org.flywaydb.core.FlywayExecutor execute
INFO: Database: jdbc:h2:file:/Users/studium/Documents/development/projects/play-test/.metals/metals (H2 2.1)
Oct 17, 2023 3:34:58 PM org.flywaydb.core.internal.command.DbValidate validate
INFO: Successfully validated 4 migrations (execution time 00:00.011s)
Oct 17, 2023 3:34:58 PM org.flywaydb.core.internal.command.DbMigrate migrateGroup
INFO: Current version of schema "PUBLIC": 4
Oct 17, 2023 3:34:58 PM org.flywaydb.core.internal.command.DbMigrate logSummary
INFO: Schema "PUBLIC" is up to date. No migration necessary.
2023.10.17 15:34:58 INFO  time: initialize in 0.38s
2023.10.17 15:34:59 INFO  Attempting to connect to the build server...
2023.10.17 15:34:59 INFO  Bloop uses /opt/homebrew/opt/openjdk@17/libexec/openjdk.jdk/Contents/Home defined at /Users/studium/.bloop/bloop.json
2023.10.17 15:34:59 INFO  skipping build import with status 'Installed'
2023.10.17 15:34:59 INFO  tracing is disabled for protocol BSP, to enable tracing of incoming and outgoing JSON messages create an empty file at /Users/studium/Documents/development/projects/play-test/.metals/bsp.trace.json or /Users/studium/Library/Caches/org.scalameta.metals/bsp.trace.json
2023.10.17 15:34:59 INFO  Attempting to connect to the build server...
2023.10.17 15:34:59 INFO  Bloop uses /opt/homebrew/opt/openjdk@17/libexec/openjdk.jdk/Contents/Home defined at /Users/studium/.bloop/bloop.json
2023.10.17 15:34:59 INFO  Attempting to connect to the build server...
2023.10.17 15:34:59 INFO  Bloop uses /opt/homebrew/opt/openjdk@17/libexec/openjdk.jdk/Contents/Home defined at /Users/studium/.bloop/bloop.json
2023.10.17 15:34:59 INFO  tracing is disabled for protocol BSP, to enable tracing of incoming and outgoing JSON messages create an empty file at /Users/studium/Documents/development/projects/play-test/project/.metals/bsp.trace.json or /Users/studium/Library/Caches/org.scalameta.metals/bsp.trace.json
2023.10.17 15:34:59 INFO  tracing is disabled for protocol BSP, to enable tracing of incoming and outgoing JSON messages create an empty file at /Users/studium/Documents/development/projects/play-test/project/project/.metals/bsp.trace.json or /Users/studium/Library/Caches/org.scalameta.metals/bsp.trace.json
2023.10.17 15:34:59 INFO  time: Connected to build server in 0.29s
2023.10.17 15:34:59 INFO  Connected to Build server: Bloop v1.5.8
2023.10.17 15:35:00 INFO  no build target found for /Users/studium/Documents/development/projects/play-test/app/controllers/HomeController.scala. Using presentation compiler with project's scala-library version: 3.3.0
2023.10.17 15:35:01 INFO  no build target found for /Users/studium/Documents/development/projects/play-test/app/controllers/HomeController.scala. Using presentation compiler with project's scala-library version: 3.3.0
2023.10.17 15:35:01 INFO  time: code lens generation in 1.65s
2023.10.17 15:35:04 INFO  time: indexed workspace in 3.72s
2023.10.17 15:35:04 INFO  compiling root (7 scala sources and 1 java source)
2023.10.17 15:35:06 INFO  time: compiled root in 1.75s
2023.10.17 15:35:06 INFO  compiling root-test (1 scala source)
2023.10.17 15:35:06 INFO  time: compiled root-test in 0.14s
2023.10.17 15:39:56 INFO  Shutting down server
2023.10.17 15:39:56 INFO  shutting down Metals
2023.10.17 15:39:56 INFO  Shut down connection with build server.
2023.10.17 15:39:56 INFO  Shut down connection with build server.
2023.10.17 15:39:56 INFO  Shut down connection with build server.
2023.10.17 15:39:56 INFO  Exiting server
2023.10.17 15:40:09 INFO  Started: Metals version 1.1.0 in folders '/Users/studium/Documents/development/projects/play-test' for client Visual Studio Code 1.83.1.
2023.10.17 15:40:09 INFO  Attempting to connect to the build server...
2023.10.17 15:40:09 INFO  skipping build import with status 'Installed'
2023.10.17 15:40:09 INFO  Bloop uses /opt/homebrew/opt/openjdk@17/libexec/openjdk.jdk/Contents/Home defined at /Users/studium/.bloop/bloop.json
2023.10.17 15:40:09 INFO  tracing is disabled for protocol BSP, to enable tracing of incoming and outgoing JSON messages create an empty file at /Users/studium/Documents/development/projects/play-test/.metals/bsp.trace.json or /Users/studium/Library/Caches/org.scalameta.metals/bsp.trace.json
2023.10.17 15:40:13 INFO  no build target found for /Users/studium/Documents/development/projects/play-test/app/controllers/HomeController.scala. Using presentation compiler with project's scala-library version: 3.3.1
2023.10.17 15:40:13 INFO  Attempting to connect to the build server...
2023.10.17 15:40:13 INFO  Bloop uses /opt/homebrew/opt/openjdk@17/libexec/openjdk.jdk/Contents/Home defined at /Users/studium/.bloop/bloop.json
2023.10.17 15:40:13 INFO  Attempting to connect to the build server...
2023.10.17 15:40:13 INFO  Bloop uses /opt/homebrew/opt/openjdk@17/libexec/openjdk.jdk/Contents/Home defined at /Users/studium/.bloop/bloop.json
2023.10.17 15:40:13 INFO  tracing is disabled for protocol BSP, to enable tracing of incoming and outgoing JSON messages create an empty file at /Users/studium/Documents/development/projects/play-test/project/project/.metals/bsp.trace.json or /Users/studium/Library/Caches/org.scalameta.metals/bsp.trace.json
2023.10.17 15:40:13 INFO  tracing is disabled for protocol BSP, to enable tracing of incoming and outgoing JSON messages create an empty file at /Users/studium/Documents/development/projects/play-test/project/.metals/bsp.trace.json or /Users/studium/Library/Caches/org.scalameta.metals/bsp.trace.json
2023.10.17 15:40:16 INFO  time: Connected to build server in 7.09s
2023.10.17 15:40:16 INFO  Connected to Build server: Bloop v1.5.8
2023.10.17 15:40:21 INFO  time: indexed workspace in 5.11s
2023.10.17 15:40:24 INFO  compiling root (7 scala sources and 1 java source)
2023.10.17 15:40:26 INFO  time: compiled root in 1.68s
2023.10.17 15:40:26 INFO  compiling root-test (1 scala source)
2023.10.17 15:40:26 INFO  time: compiled root-test in 0.2s
2023.10.17 15:45:29 INFO  Shutting down server
2023.10.17 15:45:29 INFO  shutting down Metals
2023.10.17 15:45:29 INFO  Shut down connection with build server.
2023.10.17 15:45:29 INFO  Shut down connection with build server.
2023.10.17 15:45:29 INFO  Shut down connection with build server.
2023.10.17 15:45:29 INFO  Exiting server
2023.10.17 15:45:33 INFO  Started: Metals version 1.1.0 in folders '/Users/studium/Documents/development/projects/play-test' for client Visual Studio Code 1.83.1.
2023.10.17 15:45:33 INFO  Attempting to connect to the build server...
2023.10.17 15:45:33 INFO  skipping build import with status 'Installed'
2023.10.17 15:45:33 INFO  Bloop uses /opt/homebrew/opt/openjdk@17/libexec/openjdk.jdk/Contents/Home defined at /Users/studium/.bloop/bloop.json
2023.10.17 15:45:33 INFO  tracing is disabled for protocol BSP, to enable tracing of incoming and outgoing JSON messages create an empty file at /Users/studium/Documents/development/projects/play-test/.metals/bsp.trace.json or /Users/studium/Library/Caches/org.scalameta.metals/bsp.trace.json
2023.10.17 15:45:33 INFO  Attempting to connect to the build server...
2023.10.17 15:45:33 INFO  Bloop uses /opt/homebrew/opt/openjdk@17/libexec/openjdk.jdk/Contents/Home defined at /Users/studium/.bloop/bloop.json
2023.10.17 15:45:33 INFO  Attempting to connect to the build server...
2023.10.17 15:45:33 INFO  Bloop uses /opt/homebrew/opt/openjdk@17/libexec/openjdk.jdk/Contents/Home defined at /Users/studium/.bloop/bloop.json
2023.10.17 15:45:33 INFO  tracing is disabled for protocol BSP, to enable tracing of incoming and outgoing JSON messages create an empty file at /Users/studium/Documents/development/projects/play-test/project/project/.metals/bsp.trace.json or /Users/studium/Library/Caches/org.scalameta.metals/bsp.trace.json
2023.10.17 15:45:34 INFO  tracing is disabled for protocol BSP, to enable tracing of incoming and outgoing JSON messages create an empty file at /Users/studium/Documents/development/projects/play-test/project/.metals/bsp.trace.json or /Users/studium/Library/Caches/org.scalameta.metals/bsp.trace.json
2023.10.17 15:45:34 INFO  time: Connected to build server in 0.25s
2023.10.17 15:45:34 INFO  Connected to Build server: Bloop v1.5.8
2023.10.17 15:45:35 INFO  no build target found for /Users/studium/Documents/development/projects/play-test/app/controllers/HomeController.scala. Using presentation compiler with project's scala-library version: 3.3.1
2023.10.17 15:45:37 INFO  time: indexed workspace in 2.12s
2023.10.17 15:45:37 INFO  compiling root (7 scala sources and 1 java source)
2023.10.17 15:45:39 INFO  time: compiled root in 1.89s
2023.10.17 15:45:39 INFO  compiling root-test (1 scala source)
2023.10.17 15:45:39 INFO  time: compiled root-test in 0.23s
2023.10.17 15:45:40 INFO  Disconnecting from Bloop session...
2023.10.17 15:45:42 ERROR timeout: build server 'bloop' during shutdown
2023.10.17 15:45:42 ERROR timeout: build server 'bloop' during shutdown
2023.10.17 15:45:42 ERROR timeout: build server 'bloop' during shutdown
2023.10.17 15:45:42 INFO  Attempting to connect to the build server...
2023.10.17 15:45:42 INFO  Bloop uses /opt/homebrew/opt/openjdk@17/libexec/openjdk.jdk/Contents/Home defined at /Users/studium/.bloop/bloop.json
2023.10.17 15:45:45 INFO  tracing is disabled for protocol BSP, to enable tracing of incoming and outgoing JSON messages create an empty file at /Users/studium/Documents/development/projects/play-test/.metals/bsp.trace.json or /Users/studium/Library/Caches/org.scalameta.metals/bsp.trace.json
2023.10.17 15:45:45 INFO  Attempting to connect to the build server...
2023.10.17 15:45:45 INFO  Bloop uses /opt/homebrew/opt/openjdk@17/libexec/openjdk.jdk/Contents/Home defined at /Users/studium/.bloop/bloop.json
2023.10.17 15:45:45 INFO  Attempting to connect to the build server...
2023.10.17 15:45:45 INFO  Bloop uses /opt/homebrew/opt/openjdk@17/libexec/openjdk.jdk/Contents/Home defined at /Users/studium/.bloop/bloop.json
2023.10.17 15:45:45 INFO  tracing is disabled for protocol BSP, to enable tracing of incoming and outgoing JSON messages create an empty file at /Users/studium/Documents/development/projects/play-test/project/.metals/bsp.trace.json or /Users/studium/Library/Caches/org.scalameta.metals/bsp.trace.json
2023.10.17 15:45:45 INFO  tracing is disabled for protocol BSP, to enable tracing of incoming and outgoing JSON messages create an empty file at /Users/studium/Documents/development/projects/play-test/project/project/.metals/bsp.trace.json or /Users/studium/Library/Caches/org.scalameta.metals/bsp.trace.json
2023.10.17 15:45:45 INFO  time: Connected to build server in 2.78s
2023.10.17 15:45:45 INFO  Connected to Build server: Bloop v1.5.11
2023.10.17 15:45:46 INFO  time: indexed workspace in 1.25s
2023.10.17 15:45:51 INFO  compiling root (7 scala sources and 1 java source)
2023.10.17 15:45:55 INFO  compiling root-test (1 scala source)
2023.10.17 15:45:55 INFO  time: compiled root in 4.82s
2023.10.17 15:45:55 INFO  time: compiled root-test in 0.34s
2023.10.17 15:48:23 INFO  Shutting down server
2023.10.17 15:48:23 INFO  shutting down Metals
2023.10.17 15:48:23 INFO  Shut down connection with build server.
2023.10.17 15:48:23 INFO  Shut down connection with build server.
2023.10.17 15:48:23 INFO  Shut down connection with build server.
2023.10.17 15:48:23 INFO  Exiting server
2023.10.17 15:48:27 INFO  Started: Metals version 1.1.0 in folders '/Users/studium/Documents/development/projects/play-test' for client Visual Studio Code 1.83.1.
2023.10.17 15:48:27 INFO  Attempting to connect to the build server...
2023.10.17 15:48:27 INFO  skipping build import with status 'Installed'
2023.10.17 15:48:27 INFO  Bloop uses /opt/homebrew/opt/openjdk@17/libexec/openjdk.jdk/Contents/Home defined at /Users/studium/.bloop/bloop.json
2023.10.17 15:48:27 INFO  tracing is disabled for protocol BSP, to enable tracing of incoming and outgoing JSON messages create an empty file at /Users/studium/Documents/development/projects/play-test/.metals/bsp.trace.json or /Users/studium/Library/Caches/org.scalameta.metals/bsp.trace.json
2023.10.17 15:48:27 INFO  Attempting to connect to the build server...
2023.10.17 15:48:27 INFO  Bloop uses /opt/homebrew/opt/openjdk@17/libexec/openjdk.jdk/Contents/Home defined at /Users/studium/.bloop/bloop.json
2023.10.17 15:48:27 INFO  Attempting to connect to the build server...
2023.10.17 15:48:27 INFO  Bloop uses /opt/homebrew/opt/openjdk@17/libexec/openjdk.jdk/Contents/Home defined at /Users/studium/.bloop/bloop.json
2023.10.17 15:48:27 INFO  tracing is disabled for protocol BSP, to enable tracing of incoming and outgoing JSON messages create an empty file at /Users/studium/Documents/development/projects/play-test/project/project/.metals/bsp.trace.json or /Users/studium/Library/Caches/org.scalameta.metals/bsp.trace.json
2023.10.17 15:48:27 INFO  tracing is disabled for protocol BSP, to enable tracing of incoming and outgoing JSON messages create an empty file at /Users/studium/Documents/development/projects/play-test/project/.metals/bsp.trace.json or /Users/studium/Library/Caches/org.scalameta.metals/bsp.trace.json
2023.10.17 15:48:27 INFO  time: Connected to build server in 0.34s
2023.10.17 15:48:27 INFO  Connected to Build server: Bloop v1.5.11
2023.10.17 15:48:29 INFO  no build target found for /Users/studium/Documents/development/projects/play-test/app/controllers/HomeController.scala. Using presentation compiler with project's scala-library version: 3.3.1
2023.10.17 15:48:31 INFO  time: indexed workspace in 2.02s
2023.10.17 15:48:33 INFO  compiling root (7 scala sources and 1 java source)
2023.10.17 15:48:35 INFO  time: compiled root in 2.17s
2023.10.17 15:48:35 INFO  compiling root-test (1 scala source)
2023.10.17 15:48:35 INFO  time: compiled root-test in 0.18s
2023.10.17 15:52:40 INFO  Shutting down server
2023.10.17 15:52:40 INFO  shutting down Metals
2023.10.17 15:52:40 INFO  Shut down connection with build server.
2023.10.17 15:52:40 INFO  Shut down connection with build server.
2023.10.17 15:52:40 INFO  Shut down connection with build server.
2023.10.17 15:52:40 INFO  Exiting server
2023.10.17 15:52:43 INFO  Started: Metals version 1.1.0 in folders '/Users/studium/Documents/development/projects/play-test' for client Visual Studio Code 1.83.1.
2023.10.17 15:52:44 INFO  Attempting to connect to the build server...
2023.10.17 15:52:44 INFO  Bloop uses /opt/homebrew/opt/openjdk@17/libexec/openjdk.jdk/Contents/Home defined at /Users/studium/.bloop/bloop.json
2023.10.17 15:52:44 INFO  skipping build import with status 'Installed'
2023.10.17 15:52:44 INFO  tracing is disabled for protocol BSP, to enable tracing of incoming and outgoing JSON messages create an empty file at /Users/studium/Documents/development/projects/play-test/.metals/bsp.trace.json or /Users/studium/Library/Caches/org.scalameta.metals/bsp.trace.json
2023.10.17 15:52:44 INFO  Attempting to connect to the build server...
2023.10.17 15:52:44 INFO  Bloop uses /opt/homebrew/opt/openjdk@17/libexec/openjdk.jdk/Contents/Home defined at /Users/studium/.bloop/bloop.json
2023.10.17 15:52:44 INFO  Attempting to connect to the build server...
2023.10.17 15:52:44 INFO  Bloop uses /opt/homebrew/opt/openjdk@17/libexec/openjdk.jdk/Contents/Home defined at /Users/studium/.bloop/bloop.json
2023.10.17 15:52:44 INFO  tracing is disabled for protocol BSP, to enable tracing of incoming and outgoing JSON messages create an empty file at /Users/studium/Documents/development/projects/play-test/project/project/.metals/bsp.trace.json or /Users/studium/Library/Caches/org.scalameta.metals/bsp.trace.json
2023.10.17 15:52:44 INFO  tracing is disabled for protocol BSP, to enable tracing of incoming and outgoing JSON messages create an empty file at /Users/studium/Documents/development/projects/play-test/project/.metals/bsp.trace.json or /Users/studium/Library/Caches/org.scalameta.metals/bsp.trace.json
2023.10.17 15:52:44 INFO  time: Connected to build server in 0.25s
2023.10.17 15:52:44 INFO  Connected to Build server: Bloop v1.5.11
2023.10.17 15:52:46 INFO  time: indexed workspace in 2.64s
2023.10.17 15:52:47 INFO  compiling root (7 scala sources and 1 java source)
2023.10.17 15:52:49 INFO  time: compiled root in 2.22s
2023.10.17 15:52:49 INFO  compiling root-test (1 scala source)
2023.10.17 15:52:49 INFO  time: compiled root-test in 0.25s
2023.10.17 15:58:13 INFO  Shutting down server
2023.10.17 15:58:13 INFO  shutting down Metals
2023.10.17 15:58:13 INFO  Shut down connection with build server.
2023.10.17 15:58:13 INFO  Shut down connection with build server.
2023.10.17 15:58:13 INFO  Shut down connection with build server.
2023.10.17 15:58:13 INFO  Exiting server
2023.10.17 15:58:16 INFO  Started: Metals version 1.1.0 in folders '/Users/studium/Documents/development/projects/play-test' for client Visual Studio Code 1.83.1.
2023.10.17 15:58:16 INFO  Attempting to connect to the build server...
2023.10.17 15:58:16 INFO  skipping build import with status 'Installed'
2023.10.17 15:58:16 INFO  Bloop uses /opt/homebrew/opt/openjdk@17/libexec/openjdk.jdk/Contents/Home defined at /Users/studium/.bloop/bloop.json
2023.10.17 15:58:17 INFO  tracing is disabled for protocol BSP, to enable tracing of incoming and outgoing JSON messages create an empty file at /Users/studium/Documents/development/projects/play-test/.metals/bsp.trace.json or /Users/studium/Library/Caches/org.scalameta.metals/bsp.trace.json
2023.10.17 15:58:17 INFO  Attempting to connect to the build server...
2023.10.17 15:58:17 INFO  Bloop uses /opt/homebrew/opt/openjdk@17/libexec/openjdk.jdk/Contents/Home defined at /Users/studium/.bloop/bloop.json
2023.10.17 15:58:17 INFO  Attempting to connect to the build server...
2023.10.17 15:58:17 INFO  Bloop uses /opt/homebrew/opt/openjdk@17/libexec/openjdk.jdk/Contents/Home defined at /Users/studium/.bloop/bloop.json
2023.10.17 15:58:17 INFO  tracing is disabled for protocol BSP, to enable tracing of incoming and outgoing JSON messages create an empty file at /Users/studium/Documents/development/projects/play-test/project/project/.metals/bsp.trace.json or /Users/studium/Library/Caches/org.scalameta.metals/bsp.trace.json
2023.10.17 15:58:16 INFO  tracing is disabled for protocol BSP, to enable tracing of incoming and outgoing JSON messages create an empty file at /Users/studium/Documents/development/projects/play-test/project/.metals/bsp.trace.json or /Users/studium/Library/Caches/org.scalameta.metals/bsp.trace.json
2023.10.17 15:58:17 INFO  time: Connected to build server in 0.33s
2023.10.17 15:58:17 INFO  Connected to Build server: Bloop v1.5.11
2023.10.17 15:58:18 INFO  no build target found for /Users/studium/Documents/development/projects/play-test/app/controllers/HomeController.scala. Using presentation compiler with project's scala-library version: 3.3.1
2023.10.17 15:58:20 INFO  time: indexed workspace in 1.94s
2023.10.17 15:58:20 INFO  compiling root (7 scala sources and 1 java source)
2023.10.17 15:58:20 WARN  /Users/studium/Documents/development/projects/play-test/lib/HearthstoneMini.jar(hearthstoneMini/aview/Tui.class) is out of sync with its TASTy file. Loaded TASTy file. Try cleaning the project to fix this issue
2023.10.17 15:58:23 INFO  time: compiled root in 2.1s
2023.10.17 15:58:23 INFO  compiling root-test (1 scala source)
2023.10.17 15:58:23 INFO  time: compiled root-test in 0.32s
2023.10.17 16:22:50 INFO  Shutting down server
2023.10.17 16:22:50 INFO  shutting down Metals
2023.10.17 16:22:50 INFO  Shut down connection with build server.
2023.10.17 16:22:50 INFO  Shut down connection with build server.
2023.10.17 16:22:50 INFO  Shut down connection with build server.
2023.10.17 16:22:50 INFO  Exiting server
2023.10.17 16:22:54 INFO  Started: Metals version 1.1.0 in folders '/Users/studium/Documents/development/projects/play-test' for client Visual Studio Code 1.83.1.
2023.10.17 16:22:54 INFO  Attempting to connect to the build server...
2023.10.17 16:22:54 INFO  Bloop uses /opt/homebrew/opt/openjdk@17/libexec/openjdk.jdk/Contents/Home defined at /Users/studium/.bloop/bloop.json
2023.10.17 16:22:54 INFO  skipping build import with status 'Installed'
2023.10.17 16:22:54 INFO  tracing is disabled for protocol BSP, to enable tracing of incoming and outgoing JSON messages create an empty file at /Users/studium/Documents/development/projects/play-test/.metals/bsp.trace.json or /Users/studium/Library/Caches/org.scalameta.metals/bsp.trace.json
2023.10.17 16:22:54 INFO  Attempting to connect to the build server...
2023.10.17 16:22:54 INFO  Bloop uses /opt/homebrew/opt/openjdk@17/libexec/openjdk.jdk/Contents/Home defined at /Users/studium/.bloop/bloop.json
2023.10.17 16:22:54 INFO  Attempting to connect to the build server...
2023.10.17 16:22:54 INFO  Bloop uses /opt/homebrew/opt/openjdk@17/libexec/openjdk.jdk/Contents/Home defined at /Users/studium/.bloop/bloop.json
2023.10.17 16:22:54 INFO  tracing is disabled for protocol BSP, to enable tracing of incoming and outgoing JSON messages create an empty file at /Users/studium/Documents/development/projects/play-test/project/project/.metals/bsp.trace.json or /Users/studium/Library/Caches/org.scalameta.metals/bsp.trace.json
2023.10.17 16:22:55 INFO  tracing is disabled for protocol BSP, to enable tracing of incoming and outgoing JSON messages create an empty file at /Users/studium/Documents/development/projects/play-test/project/.metals/bsp.trace.json or /Users/studium/Library/Caches/org.scalameta.metals/bsp.trace.json
2023.10.17 16:22:55 INFO  time: Connected to build server in 0.41s
2023.10.17 16:22:55 INFO  Connected to Build server: Bloop v1.5.11
2023.10.17 16:22:58 INFO  time: indexed workspace in 2.91s
2023.10.17 16:24:06 INFO  compiling root (7 scala sources and 1 java source)
2023.10.17 16:24:06 WARN  /Users/studium/Documents/development/projects/play-test/lib/HearthstoneMini.jar(hearthstoneMini/aview/Tui.class) is out of sync with its TASTy file. Loaded TASTy file. Try cleaning the project to fix this issue
2023.10.17 16:24:08 INFO  time: compiled root in 2.01s
2023.10.17 18:30:00 INFO  Shutting down server
2023.10.17 18:30:00 INFO  shutting down Metals
2023.10.17 18:30:00 INFO  Shut down connection with build server.
2023.10.17 18:30:00 INFO  Shut down connection with build server.
2023.10.17 18:30:00 INFO  Shut down connection with build server.
2023.10.17 18:30:00 INFO  Exiting server
2023.10.17 18:30:19 INFO  Started: Metals version 1.1.0 in folders '/Users/studium/Documents/development/projects/play-test' for client Visual Studio Code 1.83.1.
2023.10.17 18:30:20 INFO  Attempting to connect to the build server...
2023.10.17 18:30:20 INFO  Bloop uses /opt/homebrew/opt/openjdk@17/libexec/openjdk.jdk/Contents/Home defined at /Users/studium/.bloop/bloop.json
2023.10.17 18:30:20 INFO  skipping build import with status 'Installed'
2023.10.17 18:30:20 INFO  tracing is disabled for protocol BSP, to enable tracing of incoming and outgoing JSON messages create an empty file at /Users/studium/Documents/development/projects/play-test/.metals/bsp.trace.json or /Users/studium/Library/Caches/org.scalameta.metals/bsp.trace.json
2023.10.17 18:30:20 INFO  Attempting to connect to the build server...
2023.10.17 18:30:20 INFO  Bloop uses /opt/homebrew/opt/openjdk@17/libexec/openjdk.jdk/Contents/Home defined at /Users/studium/.bloop/bloop.json
2023.10.17 18:30:20 INFO  Attempting to connect to the build server...
2023.10.17 18:30:20 INFO  Bloop uses /opt/homebrew/opt/openjdk@17/libexec/openjdk.jdk/Contents/Home defined at /Users/studium/.bloop/bloop.json
2023.10.17 18:30:20 INFO  tracing is disabled for protocol BSP, to enable tracing of incoming and outgoing JSON messages create an empty file at /Users/studium/Documents/development/projects/play-test/project/project/.metals/bsp.trace.json or /Users/studium/Library/Caches/org.scalameta.metals/bsp.trace.json
2023.10.17 18:30:21 INFO  tracing is disabled for protocol BSP, to enable tracing of incoming and outgoing JSON messages create an empty file at /Users/studium/Documents/development/projects/play-test/project/.metals/bsp.trace.json or /Users/studium/Library/Caches/org.scalameta.metals/bsp.trace.json
2023.10.17 18:30:21 INFO  time: Connected to build server in 0.47s
2023.10.17 18:30:21 INFO  Connected to Build server: Bloop v1.5.11
2023.10.17 18:30:23 INFO  time: indexed workspace in 2.69s
2023.10.17 18:31:30 INFO  Shutting down server
2023.10.17 18:31:30 INFO  shutting down Metals
2023.10.17 18:31:30 INFO  Shut down connection with build server.
2023.10.17 18:31:30 INFO  Shut down connection with build server.
2023.10.17 18:31:30 INFO  Shut down connection with build server.
2023.10.17 18:31:30 INFO  Exiting server
2023.10.21 14:54:31 INFO  Started: Metals version 1.1.0 in folders '/Users/studium/Documents/development/projects/play-test' for client Visual Studio Code 1.83.1.
2023.10.21 14:54:31 INFO  Attempting to connect to the build server...
2023.10.21 14:54:31 INFO  Bloop uses /opt/homebrew/opt/openjdk@17/libexec/openjdk.jdk/Contents/Home defined at /Users/studium/.bloop/bloop.json
2023.10.21 14:54:31 INFO  skipping build import with status 'Installed'
2023.10.21 14:54:31 INFO  tracing is disabled for protocol BSP, to enable tracing of incoming and outgoing JSON messages create an empty file at /Users/studium/Documents/development/projects/play-test/.metals/bsp.trace.json or /Users/studium/Library/Caches/org.scalameta.metals/bsp.trace.json
2023.10.21 14:54:31 INFO  Attempting to connect to the build server...
2023.10.21 14:54:31 INFO  Bloop uses /opt/homebrew/opt/openjdk@17/libexec/openjdk.jdk/Contents/Home defined at /Users/studium/.bloop/bloop.json
2023.10.21 14:54:31 INFO  Attempting to connect to the build server...
2023.10.21 14:54:31 INFO  Bloop uses /opt/homebrew/opt/openjdk@17/libexec/openjdk.jdk/Contents/Home defined at /Users/studium/.bloop/bloop.json
2023.10.21 14:54:31 INFO  tracing is disabled for protocol BSP, to enable tracing of incoming and outgoing JSON messages create an empty file at /Users/studium/Documents/development/projects/play-test/project/project/.metals/bsp.trace.json or /Users/studium/Library/Caches/org.scalameta.metals/bsp.trace.json
2023.10.21 14:54:31 INFO  tracing is disabled for protocol BSP, to enable tracing of incoming and outgoing JSON messages create an empty file at /Users/studium/Documents/development/projects/play-test/project/.metals/bsp.trace.json or /Users/studium/Library/Caches/org.scalameta.metals/bsp.trace.json
2023.10.21 14:54:31 INFO  time: Connected to build server in 0.34s
2023.10.21 14:54:31 INFO  Connected to Build server: Bloop v1.5.11
2023.10.21 14:54:31 INFO  time: Imported build in 0.11s
2023.10.21 14:54:34 INFO  time: indexed workspace in 2.87s
Oct 21, 2023 3:31:44 PM scala.meta.internal.pc.CompilerAccess handleError
SEVERE: A severe compiler error occurred, full details of the error can be found in the error report /Users/studium/Documents/development/projects/play-test/.metals/.reports/metals-full/2023-10-21/r_compiler-error_(root)_15-31-44-518.md
Oct 21, 2023 3:31:47 PM scala.meta.internal.pc.CompilerAccess handleError
SEVERE: A severe compiler error occurred, full details of the error can be found in the error report /Users/studium/Documents/development/projects/play-test/.metals/.reports/metals-full/2023-10-21/r_compiler-error_(root)_15-31-47-927.md
2023.10.21 15:34:33 INFO  Shutting down server
2023.10.21 15:34:33 INFO  shutting down Metals
2023.10.21 15:34:33 INFO  Shut down connection with build server.
2023.10.21 15:34:33 INFO  Shut down connection with build server.
2023.10.21 15:34:33 INFO  Shut down connection with build server.
2023.10.21 15:34:33 INFO  Exiting server
2023.10.21 15:40:04 INFO  Started: Metals version 1.1.0 in folders '/Users/studium/Documents/development/projects/play-test' for client Visual Studio Code 1.83.1.
2023.10.21 15:40:05 INFO  Attempting to connect to the build server...
2023.10.21 15:40:05 INFO  skipping build import with status 'Installed'
2023.10.21 15:40:05 INFO  Bloop uses /opt/homebrew/opt/openjdk@17/libexec/openjdk.jdk/Contents/Home defined at /Users/studium/.bloop/bloop.json
2023.10.21 15:40:05 INFO  tracing is disabled for protocol BSP, to enable tracing of incoming and outgoing JSON messages create an empty file at /Users/studium/Documents/development/projects/play-test/.metals/bsp.trace.json or /Users/studium/Library/Caches/org.scalameta.metals/bsp.trace.json
2023.10.21 15:40:05 INFO  Attempting to connect to the build server...
2023.10.21 15:40:05 INFO  Bloop uses /opt/homebrew/opt/openjdk@17/libexec/openjdk.jdk/Contents/Home defined at /Users/studium/.bloop/bloop.json
2023.10.21 15:40:05 INFO  Attempting to connect to the build server...
2023.10.21 15:40:05 INFO  Bloop uses /opt/homebrew/opt/openjdk@17/libexec/openjdk.jdk/Contents/Home defined at /Users/studium/.bloop/bloop.json
2023.10.21 15:40:05 INFO  tracing is disabled for protocol BSP, to enable tracing of incoming and outgoing JSON messages create an empty file at /Users/studium/Documents/development/projects/play-test/project/.metals/bsp.trace.json or /Users/studium/Library/Caches/org.scalameta.metals/bsp.trace.json
2023.10.21 15:40:05 INFO  tracing is disabled for protocol BSP, to enable tracing of incoming and outgoing JSON messages create an empty file at /Users/studium/Documents/development/projects/play-test/project/project/.metals/bsp.trace.json or /Users/studium/Library/Caches/org.scalameta.metals/bsp.trace.json
2023.10.21 15:40:05 INFO  time: Connected to build server in 0.38s
2023.10.21 15:40:05 INFO  Connected to Build server: Bloop v1.5.11
2023.10.21 15:40:07 INFO  no build target found for /Users/studium/Documents/development/projects/play-test/app/controllers/HomeController.scala. Using presentation compiler with project's scala-library version: 3.3.1
2023.10.21 15:40:09 INFO  time: indexed workspace in 2.21s
2023.10.21 15:40:10 INFO  compiling root-test (1 scala source)
2023.10.21 15:40:10 INFO  time: compiled root-test in 0.72s
2023.10.21 15:44:32 INFO  compiling root (1 scala source)
2023.10.21 15:44:34 INFO  time: compiled root in 1.65s
2023.10.21 16:08:22 INFO  compiling root (1 scala source)
2023.10.21 16:08:23 INFO  time: compiled root in 1.07s
2023.10.22 09:49:54 INFO  Shutting down server
2023.10.22 09:49:54 INFO  shutting down Metals
2023.10.22 09:49:54 INFO  Shut down connection with build server.
2023.10.22 09:49:54 INFO  Shut down connection with build server.
2023.10.22 09:49:54 INFO  Shut down connection with build server.
2023.10.22 09:49:54 INFO  Exiting server
2023.10.22 09:57:00 INFO  Started: Metals version 1.1.0 in folders '/Users/studium/Documents/development/projects/play-test' for client Visual Studio Code 1.83.1.
2023.10.22 09:57:01 INFO  Attempting to connect to the build server...
2023.10.22 09:57:01 INFO  Bloop uses /opt/homebrew/opt/openjdk@17/libexec/openjdk.jdk/Contents/Home defined at /Users/studium/.bloop/bloop.json
2023.10.22 09:57:01 INFO  skipping build import with status 'Installed'
2023.10.22 09:57:01 INFO  tracing is disabled for protocol BSP, to enable tracing of incoming and outgoing JSON messages create an empty file at /Users/studium/Documents/development/projects/play-test/.metals/bsp.trace.json or /Users/studium/Library/Caches/org.scalameta.metals/bsp.trace.json
2023.10.22 09:57:01 INFO  Attempting to connect to the build server...
2023.10.22 09:57:01 INFO  Bloop uses /opt/homebrew/opt/openjdk@17/libexec/openjdk.jdk/Contents/Home defined at /Users/studium/.bloop/bloop.json
2023.10.22 09:57:01 INFO  Attempting to connect to the build server...
2023.10.22 09:57:01 INFO  Bloop uses /opt/homebrew/opt/openjdk@17/libexec/openjdk.jdk/Contents/Home defined at /Users/studium/.bloop/bloop.json
2023.10.22 09:57:01 INFO  tracing is disabled for protocol BSP, to enable tracing of incoming and outgoing JSON messages create an empty file at /Users/studium/Documents/development/projects/play-test/project/project/.metals/bsp.trace.json or /Users/studium/Library/Caches/org.scalameta.metals/bsp.trace.json
2023.10.22 09:57:01 INFO  tracing is disabled for protocol BSP, to enable tracing of incoming and outgoing JSON messages create an empty file at /Users/studium/Documents/development/projects/play-test/project/.metals/bsp.trace.json or /Users/studium/Library/Caches/org.scalameta.metals/bsp.trace.json
2023.10.22 09:57:01 INFO  time: Connected to build server in 0.42s
2023.10.22 09:57:01 INFO  Connected to Build server: Bloop v1.5.11
2023.10.22 09:57:04 INFO  time: indexed workspace in 2.84s
Oct 22, 2023 10:00:06 AM org.eclipse.lsp4j.jsonrpc.services.GenericEndpoint notify
INFO: Unsupported notification method: $/setTrace
